[ 2012-12-06T17:05:25+08:00 ] /Thinkphp/test.php | INFO: Tag[ app_begin ] --START--
[ 2012-12-06T17:05:25+08:00 ] /Thinkphp/test.php | INFO: Run ReadHtmlCache Behavior [ RunTime:0.000661s ]
[ 2012-12-06T17:05:25+08:00 ] /Thinkphp/test.php | INFO: Tag[ app_begin ] --END-- [ RunTime:0.004264s ]
[ 2012-12-06T17:05:53+08:00 ] /Thinkphp/test.php | INFO: Tag[ app_begin ] --START--
[ 2012-12-06T17:05:53+08:00 ] /Thinkphp/test.php | INFO: Run ReadHtmlCache Behavior [ RunTime:0.000735s ]
[ 2012-12-06T17:05:53+08:00 ] /Thinkphp/test.php | INFO: Tag[ app_begin ] --END-- [ RunTime:0.000826s ]
[ 2012-12-06T17:06:04+08:00 ] /Thinkphp/test.php | INFO: Tag[ app_begin ] --START--
[ 2012-12-06T17:06:04+08:00 ] /Thinkphp/test.php | INFO: Run ReadHtmlCache Behavior [ RunTime:0.000675s ]
[ 2012-12-06T17:06:04+08:00 ] /Thinkphp/test.php | INFO: Tag[ app_begin ] --END-- [ RunTime:0.000769s ]
[ 2012-12-06T17:15:33+08:00 ] /Thinkphp/test.php | INFO: Tag[ app_begin ] --START--
[ 2012-12-06T17:15:33+08:00 ] /Thinkphp/test.php | INFO: Run ReadHtmlCache Behavior [ RunTime:0.000781s ]
[ 2012-12-06T17:15:33+08:00 ] /Thinkphp/test.php | INFO: Tag[ app_begin ] --END-- [ RunTime:0.000881s ]
[ 2012-12-06T17:15:35+08:00 ] /Thinkphp/test.php | INFO: Tag[ app_begin ] --START--
[ 2012-12-06T17:15:35+08:00 ] /Thinkphp/test.php | INFO: Run ReadHtmlCache Behavior [ RunTime:0.000680s ]
[ 2012-12-06T17:15:35+08:00 ] /Thinkphp/test.php | INFO: Tag[ app_begin ] --END-- [ RunTime:0.000769s ]
[ 2012-12-06T17:16:01+08:00 ] /Thinkphp/test.php | INFO: Tag[ app_begin ] --START--
[ 2012-12-06T17:16:01+08:00 ] /Thinkphp/test.php | INFO: Run ReadHtmlCache Behavior [ RunTime:0.000655s ]
[ 2012-12-06T17:16:01+08:00 ] /Thinkphp/test.php | INFO: Tag[ app_begin ] --END-- [ RunTime:0.000747s ]
[ 2012-12-06T17:16:02+08:00 ] /Thinkphp/test.php | INFO: Tag[ app_begin ] --START--
[ 2012-12-06T17:16:02+08:00 ] /Thinkphp/test.php | INFO: Run ReadHtmlCache Behavior [ RunTime:0.000561s ]
[ 2012-12-06T17:16:02+08:00 ] /Thinkphp/test.php | INFO: Tag[ app_begin ] --END-- [ RunTime:0.000665s ]
[ 2012-12-06T17:17:23+08:00 ] /Thinkphp/test.php | INFO: Tag[ app_begin ] --START--
[ 2012-12-06T17:17:23+08:00 ] /Thinkphp/test.php | INFO: Run ReadHtmlCache Behavior [ RunTime:0.000950s ]
[ 2012-12-06T17:17:23+08:00 ] /Thinkphp/test.php | INFO: Tag[ app_begin ] --END-- [ RunTime:0.001048s ]
[ 2012-12-06T17:18:44+08:00 ] /Thinkphp/test.php | INFO: Tag[ app_begin ] --START--
[ 2012-12-06T17:18:44+08:00 ] /Thinkphp/test.php | INFO: Run ReadHtmlCache Behavior [ RunTime:0.000782s ]
[ 2012-12-06T17:18:44+08:00 ] /Thinkphp/test.php | INFO: Tag[ app_begin ] --END-- [ RunTime:0.000877s ]
[ 2012-12-06T17:59:12+08:00 ] /Thinkphp/test.php/Index/add | INFO: Tag[ route_check ] --START--
[ 2012-12-06T17:59:12+08:00 ] /Thinkphp/test.php/Index/add | INFO: Run CheckRoute Behavior [ RunTime:0.000911s ]
[ 2012-12-06T17:59:12+08:00 ] /Thinkphp/test.php/Index/add | INFO: Tag[ route_check ] --END-- [ RunTime:0.001010s ]
[ 2012-12-06T17:59:12+08:00 ] /Thinkphp/test.php/Index/add | INFO: Tag[ app_begin ] --START--
[ 2012-12-06T17:59:12+08:00 ] /Thinkphp/test.php/Index/add | INFO: Run ReadHtmlCache Behavior [ RunTime:0.000645s ]
[ 2012-12-06T17:59:12+08:00 ] /Thinkphp/test.php/Index/add | INFO: Tag[ app_begin ] --END-- [ RunTime:0.000713s ]
[ 2012-12-06T17:59:25+08:00 ] /Thinkphp/test.php | INFO: Tag[ app_begin ] --START--
[ 2012-12-06T17:59:25+08:00 ] /Thinkphp/test.php | INFO: Run ReadHtmlCache Behavior [ RunTime:0.000650s ]
[ 2012-12-06T17:59:25+08:00 ] /Thinkphp/test.php | INFO: Tag[ app_begin ] --END-- [ RunTime:0.000742s ]
[ 2012-12-06T18:02:05+08:00 ] /Thinkphp/test.php/Index | INFO: Tag[ route_check ] --START--
[ 2012-12-06T18:02:05+08:00 ] /Thinkphp/test.php/Index | INFO: Run CheckRoute Behavior [ RunTime:0.000827s ]
[ 2012-12-06T18:02:05+08:00 ] /Thinkphp/test.php/Index | INFO: Tag[ route_check ] --END-- [ RunTime:0.000924s ]
[ 2012-12-06T18:02:05+08:00 ] /Thinkphp/test.php/Index | INFO: Tag[ app_begin ] --START--
[ 2012-12-06T18:02:05+08:00 ] /Thinkphp/test.php/Index | INFO: Run ReadHtmlCache Behavior [ RunTime:0.000552s ]
[ 2012-12-06T18:02:05+08:00 ] /Thinkphp/test.php/Index | INFO: Tag[ app_begin ] --END-- [ RunTime:0.000621s ]
[ 2012-12-06T18:02:20+08:00 ] /Thinkphp/test.php/Index | INFO: Tag[ route_check ] --START--
[ 2012-12-06T18:02:20+08:00 ] /Thinkphp/test.php/Index | INFO: Run CheckRoute Behavior [ RunTime:0.000965s ]
[ 2012-12-06T18:02:20+08:00 ] /Thinkphp/test.php/Index | INFO: Tag[ route_check ] --END-- [ RunTime:0.001083s ]
[ 2012-12-06T18:02:20+08:00 ] /Thinkphp/test.php/Index | INFO: Tag[ app_begin ] --START--
[ 2012-12-06T18:02:20+08:00 ] /Thinkphp/test.php/Index | INFO: Run ReadHtmlCache Behavior [ RunTime:0.000877s ]
[ 2012-12-06T18:02:20+08:00 ] /Thinkphp/test.php/Index | INFO: Tag[ app_begin ] --END-- [ RunTime:0.000966s ]
[ 2012-12-06T18:02:24+08:00 ] /Thinkphp/test.php | INFO: Tag[ app_begin ] --START--
[ 2012-12-06T18:02:24+08:00 ] /Thinkphp/test.php | INFO: Run ReadHtmlCache Behavior [ RunTime:0.000479s ]
[ 2012-12-06T18:02:24+08:00 ] /Thinkphp/test.php | INFO: Tag[ app_begin ] --END-- [ RunTime:0.000570s ]
[ 2012-12-06T18:02:28+08:00 ] /Thinkphp/test.php | INFO: Tag[ app_begin ] --START--
[ 2012-12-06T18:02:28+08:00 ] /Thinkphp/test.php | INFO: Run ReadHtmlCache Behavior [ RunTime:0.000539s ]
[ 2012-12-06T18:02:28+08:00 ] /Thinkphp/test.php | INFO: Tag[ app_begin ] --END-- [ RunTime:0.000632s ]
[ 2012-12-06T18:02:28+08:00 ] /Thinkphp/test.php | INFO: Tag[ app_begin ] --START--
[ 2012-12-06T18:02:28+08:00 ] /Thinkphp/test.php | INFO: Run ReadHtmlCache Behavior [ RunTime:0.000472s ]
[ 2012-12-06T18:02:28+08:00 ] /Thinkphp/test.php | INFO: Tag[ app_begin ] --END-- [ RunTime:0.000561s ]
[ 2012-12-06T18:02:34+08:00 ] /Thinkphp/test.php | INFO: Tag[ app_begin ] --START--
[ 2012-12-06T18:02:34+08:00 ] /Thinkphp/test.php | INFO: Run ReadHtmlCache Behavior [ RunTime:0.000717s ]
[ 2012-12-06T18:02:34+08:00 ] /Thinkphp/test.php | INFO: Tag[ app_begin ] --END-- [ RunTime:0.000805s ]
[ 2012-12-06T19:02:36+08:00 ] /Thinkphp/ | INFO: Tag[ app_begin ] --START--
[ 2012-12-06T19:02:36+08:00 ] /Thinkphp/ | INFO: Run ReadHtmlCache Behavior [ RunTime:0.000748s ]
[ 2012-12-06T19:02:36+08:00 ] /Thinkphp/ | INFO: Tag[ app_begin ] --END-- [ RunTime:0.000860s ]
[ 2012-12-06T19:04:45+08:00 ] /Thinkphp/Index/add | INFO: Tag[ route_check ] --START--
[ 2012-12-06T19:04:45+08:00 ] /Thinkphp/Index/add | INFO: Run CheckRoute Behavior [ RunTime:0.000866s ]
[ 2012-12-06T19:04:45+08:00 ] /Thinkphp/Index/add | INFO: Tag[ route_check ] --END-- [ RunTime:0.000965s ]
[ 2012-12-06T19:04:45+08:00 ] /Thinkphp/Index/add | INFO: Tag[ app_begin ] --START--
[ 2012-12-06T19:04:45+08:00 ] /Thinkphp/Index/add | INFO: Run ReadHtmlCache Behavior [ RunTime:0.000569s ]
[ 2012-12-06T19:04:45+08:00 ] /Thinkphp/Index/add | INFO: Tag[ app_begin ] --END-- [ RunTime:0.000637s ]
[ 2012-12-06T19:05:32+08:00 ] /Thinkphp/Index/add | INFO: Tag[ route_check ] --START--
[ 2012-12-06T19:05:32+08:00 ] /Thinkphp/Index/add | INFO: Run CheckRoute Behavior [ RunTime:0.000859s ]
[ 2012-12-06T19:05:32+08:00 ] /Thinkphp/Index/add | INFO: Tag[ route_check ] --END-- [ RunTime:0.000955s ]
[ 2012-12-06T19:05:32+08:00 ] /Thinkphp/Index/add | INFO: Tag[ app_begin ] --START--
[ 2012-12-06T19:05:32+08:00 ] /Thinkphp/Index/add | INFO: Run ReadHtmlCache Behavior [ RunTime:0.000824s ]
[ 2012-12-06T19:05:32+08:00 ] /Thinkphp/Index/add | INFO: Tag[ app_begin ] --END-- [ RunTime:0.000900s ]
[ 2012-12-06T19:24:32+08:00 ] /Thinkphp/Index/Para/123456 | ERR: (ThinkException) Action:_paramÊÇ®ÊâÄËØ∑Ê±ÇÁöÑÊñπÊ≥ï‰∏çÂ≠òÂú®ÔºÅ
[ 2012-12-06T19:25:25+08:00 ] /Thinkphp/Index/Para/123456 | INFO: Tag[ route_check ] --START--
[ 2012-12-06T19:25:25+08:00 ] /Thinkphp/Index/Para/123456 | INFO: Run CheckRoute Behavior [ RunTime:0.000837s ]
[ 2012-12-06T19:25:25+08:00 ] /Thinkphp/Index/Para/123456 | INFO: Tag[ route_check ] --END-- [ RunTime:0.000927s ]
[ 2012-12-06T19:25:25+08:00 ] /Thinkphp/Index/Para/123456 | INFO: Tag[ app_begin ] --START--
[ 2012-12-06T19:25:25+08:00 ] /Thinkphp/Index/Para/123456 | INFO: Run ReadHtmlCache Behavior [ RunTime:0.000546s ]
[ 2012-12-06T19:25:25+08:00 ] /Thinkphp/Index/Para/123456 | INFO: Tag[ app_begin ] --END-- [ RunTime:0.000614s ]
[ 2012-12-06T19:25:35+08:00 ] /Thinkphp/Index/Para/123456 | INFO: Tag[ route_check ] --START--
[ 2012-12-06T19:25:35+08:00 ] /Thinkphp/Index/Para/123456 | INFO: Run CheckRoute Behavior [ RunTime:0.000653s ]
[ 2012-12-06T19:25:35+08:00 ] /Thinkphp/Index/Para/123456 | INFO: Tag[ route_check ] --END-- [ RunTime:0.000740s ]
[ 2012-12-06T19:25:35+08:00 ] /Thinkphp/Index/Para/123456 | INFO: Tag[ app_begin ] --START--
[ 2012-12-06T19:25:35+08:00 ] /Thinkphp/Index/Para/123456 | INFO: Run ReadHtmlCache Behavior [ RunTime:0.000471s ]
[ 2012-12-06T19:25:35+08:00 ] /Thinkphp/Index/Para/123456 | INFO: Tag[ app_begin ] --END-- [ RunTime:0.000540s ]
[ 2012-12-06T19:26:10+08:00 ] /Thinkphp/Index/Para/123456 | ERR: (ThinkException) Action:_paramÊÇ®ÊâÄËØ∑Ê±ÇÁöÑÊñπÊ≥ï‰∏çÂ≠òÂú®ÔºÅ
[ 2012-12-06T19:32:21+08:00 ] /Thinkphp/Index/read/id/5 | ERR: (ThinkException) ”…”⁄ƒø±Íº∆À„ª˙ª˝º´æ‹æ¯£¨Œﬁ∑®¡¨Ω”°£

[ 2012-12-06T19:32:44+08:00 ] /Thinkphp/Index/read/id/5 | INFO: Tag[ route_check ] --START--
[ 2012-12-06T19:32:44+08:00 ] /Thinkphp/Index/read/id/5 | INFO: Run CheckRoute Behavior [ RunTime:0.000928s ]
[ 2012-12-06T19:32:44+08:00 ] /Thinkphp/Index/read/id/5 | INFO: Tag[ route_check ] --END-- [ RunTime:0.001025s ]
[ 2012-12-06T19:32:44+08:00 ] /Thinkphp/Index/read/id/5 | INFO: Tag[ app_begin ] --START--
[ 2012-12-06T19:32:44+08:00 ] /Thinkphp/Index/read/id/5 | INFO: Run ReadHtmlCache Behavior [ RunTime:0.000555s ]
[ 2012-12-06T19:32:44+08:00 ] /Thinkphp/Index/read/id/5 | INFO: Tag[ app_begin ] --END-- [ RunTime:0.000625s ]
[ 2012-12-06T19:32:44+08:00 ] /Thinkphp/Index/read/id/5 | NOTIC: [2] Missing argument 1 for IndexAction::read() IndexAction.class.php Á¨¨ 20 Ë°å.
[ 2012-12-06T19:32:44+08:00 ] /Thinkphp/Index/read/id/5 | NOTIC: [8] Undefined variable: id IndexAction.class.php Á¨¨ 21 Ë°å.
[ 2012-12-06T19:33:52+08:00 ] /Thinkphp/Index/read/id/5 | INFO: Tag[ route_check ] --START--
[ 2012-12-06T19:33:52+08:00 ] /Thinkphp/Index/read/id/5 | INFO: Run CheckRoute Behavior [ RunTime:0.000815s ]
[ 2012-12-06T19:33:52+08:00 ] /Thinkphp/Index/read/id/5 | INFO: Tag[ route_check ] --END-- [ RunTime:0.000906s ]
[ 2012-12-06T19:33:52+08:00 ] /Thinkphp/Index/read/id/5 | INFO: Tag[ app_begin ] --START--
[ 2012-12-06T19:33:52+08:00 ] /Thinkphp/Index/read/id/5 | INFO: Run ReadHtmlCache Behavior [ RunTime:0.000640s ]
[ 2012-12-06T19:33:52+08:00 ] /Thinkphp/Index/read/id/5 | INFO: Tag[ app_begin ] --END-- [ RunTime:0.000710s ]
[ 2012-12-06T19:33:52+08:00 ] /Thinkphp/Index/read/id/5 | NOTIC: [2] Missing argument 1 for IndexAction::read() IndexAction.class.php Á¨¨ 20 Ë°å.
[ 2012-12-06T19:33:52+08:00 ] /Thinkphp/Index/read/id/5 | NOTIC: [8] Undefined variable: id IndexAction.class.php Á¨¨ 21 Ë°å.
[ 2012-12-06T19:46:22+08:00 ] /Thinkphp/Index/read/id/5 | ERR: (ThinkException) ”…”⁄ƒø±Íº∆À„ª˙ª˝º´æ‹æ¯£¨Œﬁ∑®¡¨Ω”°£

[ 2012-12-06T19:55:07+08:00 ] /Thinkphp/Index/read/id/5 | ERR: (ThinkException) ”…”⁄ƒø±Íº∆À„ª˙ª˝º´æ‹æ¯£¨Œﬁ∑®¡¨Ω”°£

[ 2012-12-06T19:56:30+08:00 ] /Thinkphp/Index/read/id/5 | ERR: (ThinkException) ”…”⁄ƒø±Íº∆À„ª˙ª˝º´æ‹æ¯£¨Œﬁ∑®¡¨Ω”°£

[ 2012-12-06T19:56:32+08:00 ] /Thinkphp/Index/read/id/5 | ERR: (ThinkException) ”…”⁄ƒø±Íº∆À„ª˙ª˝º´æ‹æ¯£¨Œﬁ∑®¡¨Ω”°£

[ 2012-12-06T19:56:58+08:00 ] /Thinkphp/Index/read/id/5 | ERR: (ThinkException) ”…”⁄ƒø±Íº∆À„ª˙ª˝º´æ‹æ¯£¨Œﬁ∑®¡¨Ω”°£

[ 2012-12-06T19:57:26+08:00 ] /Thinkphp/Index/read/id/5 | ERR: (ThinkException) ”…”⁄ƒø±Íº∆À„ª˙ª˝º´æ‹æ¯£¨Œﬁ∑®¡¨Ω”°£

[ 2012-12-06T19:58:44+08:00 ] /Thinkphp/Index/read/id/5 | INFO: Tag[ route_check ] --START--
[ 2012-12-06T19:58:44+08:00 ] /Thinkphp/Index/read/id/5 | INFO: Run CheckRoute Behavior [ RunTime:0.004346s ]
[ 2012-12-06T19:58:44+08:00 ] /Thinkphp/Index/read/id/5 | INFO: Tag[ route_check ] --END-- [ RunTime:0.004446s ]
[ 2012-12-06T19:58:44+08:00 ] /Thinkphp/Index/read/id/5 | INFO: Tag[ app_begin ] --START--
[ 2012-12-06T19:58:44+08:00 ] /Thinkphp/Index/read/id/5 | INFO: Run ReadHtmlCache Behavior [ RunTime:0.000732s ]
[ 2012-12-06T19:58:44+08:00 ] /Thinkphp/Index/read/id/5 | INFO: Tag[ app_begin ] --END-- [ RunTime:0.000801s ]
[ 2012-12-06T19:58:44+08:00 ] /Thinkphp/Index/read/id/5 | NOTIC: [2] Missing argument 1 for IndexAction::read() IndexAction.class.php Á¨¨ 22 Ë°å.
[ 2012-12-06T19:58:44+08:00 ] /Thinkphp/Index/read/id/5 | NOTIC: [8] Undefined variable: id IndexAction.class.php Á¨¨ 27 Ë°å.
[ 2012-12-06T19:58:44+08:00 ] /Thinkphp/Index/read/id/5 | SQL: SHOW COLUMNS FROM `think_user` [ RunTime:0.001630s ]
[ 2012-12-06T19:58:44+08:00 ] /Thinkphp/Index/read/id/5 | SQL: SELECT * FROM `think_user` WHERE ( `id` = 1 ) LIMIT 1   [ RunTime:0.000388s ]
[ 2012-12-06T19:59:25+08:00 ] /Thinkphp/Index/read/id/5 | INFO: Tag[ route_check ] --START--
[ 2012-12-06T19:59:25+08:00 ] /Thinkphp/Index/read/id/5 | INFO: Run CheckRoute Behavior [ RunTime:0.000688s ]
[ 2012-12-06T19:59:25+08:00 ] /Thinkphp/Index/read/id/5 | INFO: Tag[ route_check ] --END-- [ RunTime:0.000785s ]
[ 2012-12-06T19:59:25+08:00 ] /Thinkphp/Index/read/id/5 | INFO: Tag[ app_begin ] --START--
[ 2012-12-06T19:59:25+08:00 ] /Thinkphp/Index/read/id/5 | INFO: Run ReadHtmlCache Behavior [ RunTime:0.000486s ]
[ 2012-12-06T19:59:25+08:00 ] /Thinkphp/Index/read/id/5 | INFO: Tag[ app_begin ] --END-- [ RunTime:0.000554s ]
[ 2012-12-06T19:59:25+08:00 ] /Thinkphp/Index/read/id/5 | NOTIC: [2] Missing argument 1 for IndexAction::read() IndexAction.class.php Á¨¨ 22 Ë°å.
[ 2012-12-06T19:59:25+08:00 ] /Thinkphp/Index/read/id/5 | NOTIC: [8] Undefined variable: id IndexAction.class.php Á¨¨ 25 Ë°å.
[ 2012-12-06T19:59:25+08:00 ] /Thinkphp/Index/read/id/5 | SQL: SHOW COLUMNS FROM `think_user` [ RunTime:0.001078s ]
[ 2012-12-06T19:59:25+08:00 ] /Thinkphp/Index/read/id/5 | SQL: SELECT * FROM `think_user` WHERE ( `id` = 1 ) LIMIT 1   [ RunTime:0.000821s ]
[ 2012-12-06T20:11:45+08:00 ] /Thinkphp/Index/read/id/5 | INFO: Tag[ route_check ] --START--
[ 2012-12-06T20:11:45+08:00 ] /Thinkphp/Index/read/id/5 | INFO: Run CheckRoute Behavior [ RunTime:0.001248s ]
[ 2012-12-06T20:11:45+08:00 ] /Thinkphp/Index/read/id/5 | INFO: Tag[ route_check ] --END-- [ RunTime:0.001351s ]
[ 2012-12-06T20:11:45+08:00 ] /Thinkphp/Index/read/id/5 | INFO: Tag[ app_begin ] --START--
[ 2012-12-06T20:11:45+08:00 ] /Thinkphp/Index/read/id/5 | INFO: Run ReadHtmlCache Behavior [ RunTime:0.003483s ]
[ 2012-12-06T20:11:45+08:00 ] /Thinkphp/Index/read/id/5 | INFO: Tag[ app_begin ] --END-- [ RunTime:0.003565s ]
[ 2012-12-06T20:11:45+08:00 ] /Thinkphp/Index/read/id/5 | NOTIC: [2] Missing argument 1 for IndexAction::read() IndexAction.class.php Á¨¨ 22 Ë°å.
[ 2012-12-06T20:11:45+08:00 ] /Thinkphp/Index/read/id/5 | NOTIC: [8] Undefined variable: id IndexAction.class.php Á¨¨ 25 Ë°å.
[ 2012-12-06T20:11:45+08:00 ] /Thinkphp/Index/read/id/5 | SQL: SHOW COLUMNS FROM `think_user` [ RunTime:0.000784s ]
[ 2012-12-06T20:11:45+08:00 ] /Thinkphp/Index/read/id/5 | SQL: SELECT * FROM `think_user`  [ RunTime:0.000364s ]
[ 2012-12-06T20:12:00+08:00 ] /Thinkphp/Index/read/id/5 | INFO: Tag[ route_check ] --START--
[ 2012-12-06T20:12:00+08:00 ] /Thinkphp/Index/read/id/5 | INFO: Run CheckRoute Behavior [ RunTime:0.000899s ]
[ 2012-12-06T20:12:00+08:00 ] /Thinkphp/Index/read/id/5 | INFO: Tag[ route_check ] --END-- [ RunTime:0.000987s ]
[ 2012-12-06T20:12:00+08:00 ] /Thinkphp/Index/read/id/5 | INFO: Tag[ app_begin ] --START--
[ 2012-12-06T20:12:00+08:00 ] /Thinkphp/Index/read/id/5 | INFO: Run ReadHtmlCache Behavior [ RunTime:0.000996s ]
[ 2012-12-06T20:12:00+08:00 ] /Thinkphp/Index/read/id/5 | INFO: Tag[ app_begin ] --END-- [ RunTime:0.001071s ]
[ 2012-12-06T20:12:00+08:00 ] /Thinkphp/Index/read/id/5 | NOTIC: [2] Missing argument 1 for IndexAction::read() IndexAction.class.php Á¨¨ 22 Ë°å.
[ 2012-12-06T20:12:00+08:00 ] /Thinkphp/Index/read/id/5 | NOTIC: [8] Undefined variable: id IndexAction.class.php Á¨¨ 25 Ë°å.
[ 2012-12-06T20:12:00+08:00 ] /Thinkphp/Index/read/id/5 | SQL: SHOW COLUMNS FROM `think_user` [ RunTime:0.000885s ]
[ 2012-12-06T20:12:00+08:00 ] /Thinkphp/Index/read/id/5 | SQL: SELECT * FROM `think_user`  [ RunTime:0.000328s ]
[ 2012-12-06T20:12:01+08:00 ] /Thinkphp/Index/read/id/5 | NOTIC: [4096] Object of class UserModel could not be converted to string IndexAction.class.php Á¨¨ 28 Ë°å.
[ 2012-12-06T20:20:22+08:00 ] /Thinkphp/Index/read/id/5 | INFO: Tag[ route_check ] --START--
[ 2012-12-06T20:20:22+08:00 ] /Thinkphp/Index/read/id/5 | INFO: Run CheckRoute Behavior [ RunTime:0.000879s ]
[ 2012-12-06T20:20:22+08:00 ] /Thinkphp/Index/read/id/5 | INFO: Tag[ route_check ] --END-- [ RunTime:0.000979s ]
[ 2012-12-06T20:20:22+08:00 ] /Thinkphp/Index/read/id/5 | INFO: Tag[ app_begin ] --START--
[ 2012-12-06T20:20:22+08:00 ] /Thinkphp/Index/read/id/5 | INFO: Run ReadHtmlCache Behavior [ RunTime:0.000557s ]
[ 2012-12-06T20:20:22+08:00 ] /Thinkphp/Index/read/id/5 | INFO: Tag[ app_begin ] --END-- [ RunTime:0.000624s ]
[ 2012-12-06T20:20:22+08:00 ] /Thinkphp/Index/read/id/5 | NOTIC: [2] Missing argument 1 for IndexAction::read() IndexAction.class.php Á¨¨ 22 Ë°å.
[ 2012-12-06T20:20:22+08:00 ] /Thinkphp/Index/read/id/5 | NOTIC: [8] Undefined variable: id IndexAction.class.php Á¨¨ 25 Ë°å.
[ 2012-12-06T20:20:22+08:00 ] /Thinkphp/Index/read/id/5 | SQL: SHOW COLUMNS FROM `think_user` [ RunTime:0.001083s ]
[ 2012-12-06T20:20:22+08:00 ] /Thinkphp/Index/read/id/5 | SQL: SELECT * FROM `think_user`  [ RunTime:0.000356s ]
[ 2012-12-06T20:20:22+08:00 ] /Thinkphp/Index/read/id/5 | NOTIC: [4096] Object of class Model could not be converted to string IndexAction.class.php Á¨¨ 28 Ë°å.
[ 2012-12-06T20:20:23+08:00 ] /Thinkphp/Index/read/id/5 | INFO: Tag[ route_check ] --START--
[ 2012-12-06T20:20:23+08:00 ] /Thinkphp/Index/read/id/5 | INFO: Run CheckRoute Behavior [ RunTime:0.000660s ]
[ 2012-12-06T20:20:23+08:00 ] /Thinkphp/Index/read/id/5 | INFO: Tag[ route_check ] --END-- [ RunTime:0.000747s ]
[ 2012-12-06T20:20:23+08:00 ] /Thinkphp/Index/read/id/5 | INFO: Tag[ app_begin ] --START--
[ 2012-12-06T20:20:23+08:00 ] /Thinkphp/Index/read/id/5 | INFO: Run ReadHtmlCache Behavior [ RunTime:0.000473s ]
[ 2012-12-06T20:20:23+08:00 ] /Thinkphp/Index/read/id/5 | INFO: Tag[ app_begin ] --END-- [ RunTime:0.000541s ]
[ 2012-12-06T20:20:23+08:00 ] /Thinkphp/Index/read/id/5 | NOTIC: [2] Missing argument 1 for IndexAction::read() IndexAction.class.php Á¨¨ 22 Ë°å.
[ 2012-12-06T20:20:23+08:00 ] /Thinkphp/Index/read/id/5 | NOTIC: [8] Undefined variable: id IndexAction.class.php Á¨¨ 25 Ë°å.
[ 2012-12-06T20:20:23+08:00 ] /Thinkphp/Index/read/id/5 | SQL: SHOW COLUMNS FROM `think_user` [ RunTime:0.000856s ]
[ 2012-12-06T20:20:23+08:00 ] /Thinkphp/Index/read/id/5 | SQL: SELECT * FROM `think_user`  [ RunTime:0.000329s ]
[ 2012-12-06T20:20:23+08:00 ] /Thinkphp/Index/read/id/5 | NOTIC: [4096] Object of class Model could not be converted to string IndexAction.class.php Á¨¨ 28 Ë°å.
[ 2012-12-06T20:20:45+08:00 ] /Thinkphp/Index/read/id/5 | INFO: Tag[ route_check ] --START--
[ 2012-12-06T20:20:45+08:00 ] /Thinkphp/Index/read/id/5 | INFO: Run CheckRoute Behavior [ RunTime:0.000810s ]
[ 2012-12-06T20:20:45+08:00 ] /Thinkphp/Index/read/id/5 | INFO: Tag[ route_check ] --END-- [ RunTime:0.000898s ]
[ 2012-12-06T20:20:45+08:00 ] /Thinkphp/Index/read/id/5 | INFO: Tag[ app_begin ] --START--
[ 2012-12-06T20:20:45+08:00 ] /Thinkphp/Index/read/id/5 | INFO: Run ReadHtmlCache Behavior [ RunTime:0.000546s ]
[ 2012-12-06T20:20:45+08:00 ] /Thinkphp/Index/read/id/5 | INFO: Tag[ app_begin ] --END-- [ RunTime:0.000614s ]
[ 2012-12-06T20:20:45+08:00 ] /Thinkphp/Index/read/id/5 | NOTIC: [2] Missing argument 1 for IndexAction::read() IndexAction.class.php Á¨¨ 22 Ë°å.
[ 2012-12-06T20:20:45+08:00 ] /Thinkphp/Index/read/id/5 | NOTIC: [8] Undefined variable: id IndexAction.class.php Á¨¨ 25 Ë°å.
[ 2012-12-06T20:20:45+08:00 ] /Thinkphp/Index/read/id/5 | SQL: SHOW COLUMNS FROM `think_user` [ RunTime:0.000990s ]
[ 2012-12-06T20:20:45+08:00 ] /Thinkphp/Index/read/id/5 | SQL: SELECT * FROM `think_user` WHERE ( `id` = 1 ) LIMIT 1   [ RunTime:0.000321s ]
[ 2012-12-06T20:20:45+08:00 ] /Thinkphp/Index/read/id/5 | SQL: SELECT * FROM `think_user`  [ RunTime:0.000263s ]
[ 2012-12-06T20:20:45+08:00 ] /Thinkphp/Index/read/id/5 | NOTIC: [4096] Object of class Model could not be converted to string IndexAction.class.php Á¨¨ 29 Ë°å.
[ 2012-12-06T20:22:55+08:00 ] /Thinkphp/Index/read/id/5 | INFO: Tag[ route_check ] --START--
[ 2012-12-06T20:22:55+08:00 ] /Thinkphp/Index/read/id/5 | INFO: Run CheckRoute Behavior [ RunTime:0.000865s ]
[ 2012-12-06T20:22:55+08:00 ] /Thinkphp/Index/read/id/5 | INFO: Tag[ route_check ] --END-- [ RunTime:0.000964s ]
[ 2012-12-06T20:22:55+08:00 ] /Thinkphp/Index/read/id/5 | INFO: Tag[ app_begin ] --START--
[ 2012-12-06T20:22:55+08:00 ] /Thinkphp/Index/read/id/5 | INFO: Run ReadHtmlCache Behavior [ RunTime:0.000609s ]
[ 2012-12-06T20:22:55+08:00 ] /Thinkphp/Index/read/id/5 | INFO: Tag[ app_begin ] --END-- [ RunTime:0.000679s ]
[ 2012-12-06T20:22:55+08:00 ] /Thinkphp/Index/read/id/5 | NOTIC: [2] Missing argument 1 for IndexAction::read() IndexAction.class.php Á¨¨ 22 Ë°å.
[ 2012-12-06T20:22:55+08:00 ] /Thinkphp/Index/read/id/5 | NOTIC: [8] Undefined variable: id IndexAction.class.php Á¨¨ 25 Ë°å.
[ 2012-12-06T20:22:55+08:00 ] /Thinkphp/Index/read/id/5 | SQL: SHOW COLUMNS FROM `think_user` [ RunTime:0.000860s ]
[ 2012-12-06T20:22:55+08:00 ] /Thinkphp/Index/read/id/5 | SQL: SELECT * FROM `think_user`  [ RunTime:0.000342s ]
[ 2012-12-06T20:22:55+08:00 ] /Thinkphp/Index/read/id/5 | NOTIC: [4096] Object of class Model could not be converted to string IndexAction.class.php Á¨¨ 28 Ë°å.
[ 2012-12-06T20:22:56+08:00 ] /Thinkphp/Index/read/id/5 | INFO: Tag[ route_check ] --START--
[ 2012-12-06T20:22:56+08:00 ] /Thinkphp/Index/read/id/5 | INFO: Run CheckRoute Behavior [ RunTime:0.000661s ]
[ 2012-12-06T20:22:56+08:00 ] /Thinkphp/Index/read/id/5 | INFO: Tag[ route_check ] --END-- [ RunTime:0.000749s ]
[ 2012-12-06T20:22:56+08:00 ] /Thinkphp/Index/read/id/5 | INFO: Tag[ app_begin ] --START--
[ 2012-12-06T20:22:56+08:00 ] /Thinkphp/Index/read/id/5 | INFO: Run ReadHtmlCache Behavior [ RunTime:0.000470s ]
[ 2012-12-06T20:22:56+08:00 ] /Thinkphp/Index/read/id/5 | INFO: Tag[ app_begin ] --END-- [ RunTime:0.000538s ]
[ 2012-12-06T20:22:56+08:00 ] /Thinkphp/Index/read/id/5 | NOTIC: [2] Missing argument 1 for IndexAction::read() IndexAction.class.php Á¨¨ 22 Ë°å.
[ 2012-12-06T20:22:56+08:00 ] /Thinkphp/Index/read/id/5 | NOTIC: [8] Undefined variable: id IndexAction.class.php Á¨¨ 25 Ë°å.
[ 2012-12-06T20:22:56+08:00 ] /Thinkphp/Index/read/id/5 | SQL: SHOW COLUMNS FROM `think_user` [ RunTime:0.000966s ]
[ 2012-12-06T20:22:56+08:00 ] /Thinkphp/Index/read/id/5 | SQL: SELECT * FROM `think_user`  [ RunTime:0.000369s ]
[ 2012-12-06T20:22:56+08:00 ] /Thinkphp/Index/read/id/5 | NOTIC: [4096] Object of class Model could not be converted to string IndexAction.class.php Á¨¨ 28 Ë°å.
[ 2012-12-06T20:27:01+08:00 ] /Thinkphp/Index/read/id/5 | ERR: (ThinkException) Model:getUserÊÇ®ÊâÄËØ∑Ê±ÇÁöÑÊñπÊ≥ï‰∏çÂ≠òÂú®ÔºÅ
[ 2012-12-06T20:28:53+08:00 ] /Thinkphp/Index/read/id/5 | INFO: Tag[ route_check ] --START--
[ 2012-12-06T20:28:53+08:00 ] /Thinkphp/Index/read/id/5 | INFO: Run CheckRoute Behavior [ RunTime:0.000830s ]
[ 2012-12-06T20:28:53+08:00 ] /Thinkphp/Index/read/id/5 | INFO: Tag[ route_check ] --END-- [ RunTime:0.000924s ]
[ 2012-12-06T20:28:53+08:00 ] /Thinkphp/Index/read/id/5 | INFO: Tag[ app_begin ] --START--
[ 2012-12-06T20:28:53+08:00 ] /Thinkphp/Index/read/id/5 | INFO: Run ReadHtmlCache Behavior [ RunTime:0.000545s ]
[ 2012-12-06T20:28:53+08:00 ] /Thinkphp/Index/read/id/5 | INFO: Tag[ app_begin ] --END-- [ RunTime:0.000611s ]
[ 2012-12-06T20:28:53+08:00 ] /Thinkphp/Index/read/id/5 | NOTIC: [2] Missing argument 1 for IndexAction::read() IndexAction.class.php Á¨¨ 22 Ë°å.
[ 2012-12-06T20:28:53+08:00 ] /Thinkphp/Index/read/id/5 | NOTIC: [8] Undefined variable: id IndexAction.class.php Á¨¨ 25 Ë°å.
[ 2012-12-06T20:28:53+08:00 ] /Thinkphp/Index/read/id/5 | SQL: SHOW COLUMNS FROM `think_user` [ RunTime:0.000851s ]
[ 2012-12-06T20:29:39+08:00 ] /Thinkphp/Index/read/id/5 | INFO: Tag[ route_check ] --START--
[ 2012-12-06T20:29:39+08:00 ] /Thinkphp/Index/read/id/5 | INFO: Run CheckRoute Behavior [ RunTime:0.000903s ]
[ 2012-12-06T20:29:39+08:00 ] /Thinkphp/Index/read/id/5 | INFO: Tag[ route_check ] --END-- [ RunTime:0.000998s ]
[ 2012-12-06T20:29:39+08:00 ] /Thinkphp/Index/read/id/5 | INFO: Tag[ app_begin ] --START--
[ 2012-12-06T20:29:39+08:00 ] /Thinkphp/Index/read/id/5 | INFO: Run ReadHtmlCache Behavior [ RunTime:0.000687s ]
[ 2012-12-06T20:29:39+08:00 ] /Thinkphp/Index/read/id/5 | INFO: Tag[ app_begin ] --END-- [ RunTime:0.000758s ]
[ 2012-12-06T20:29:39+08:00 ] /Thinkphp/Index/read/id/5 | NOTIC: [2] Missing argument 1 for IndexAction::read() IndexAction.class.php Á¨¨ 22 Ë°å.
[ 2012-12-06T20:29:39+08:00 ] /Thinkphp/Index/read/id/5 | NOTIC: [8] Undefined variable: id IndexAction.class.php Á¨¨ 25 Ë°å.
[ 2012-12-06T20:29:39+08:00 ] /Thinkphp/Index/read/id/5 | SQL: SHOW COLUMNS FROM `think_user` [ RunTime:0.000834s ]
[ 2012-12-06T20:29:39+08:00 ] /Thinkphp/Index/read/id/5 | SQL: SELECT * FROM `think_user`  [ RunTime:0.000545s ]
[ 2012-12-06T20:30:16+08:00 ] /Thinkphp/Index/read/id/5 | INFO: Tag[ route_check ] --START--
[ 2012-12-06T20:30:16+08:00 ] /Thinkphp/Index/read/id/5 | INFO: Run CheckRoute Behavior [ RunTime:0.001315s ]
[ 2012-12-06T20:30:16+08:00 ] /Thinkphp/Index/read/id/5 | INFO: Tag[ route_check ] --END-- [ RunTime:0.001413s ]
[ 2012-12-06T20:30:16+08:00 ] /Thinkphp/Index/read/id/5 | INFO: Tag[ app_begin ] --START--
[ 2012-12-06T20:30:16+08:00 ] /Thinkphp/Index/read/id/5 | INFO: Run ReadHtmlCache Behavior [ RunTime:0.000530s ]
[ 2012-12-06T20:30:16+08:00 ] /Thinkphp/Index/read/id/5 | INFO: Tag[ app_begin ] --END-- [ RunTime:0.000597s ]
[ 2012-12-06T20:30:16+08:00 ] /Thinkphp/Index/read/id/5 | NOTIC: [2] Missing argument 1 for IndexAction::read() IndexAction.class.php Á¨¨ 22 Ë°å.
[ 2012-12-06T20:30:16+08:00 ] /Thinkphp/Index/read/id/5 | NOTIC: [8] Undefined variable: id IndexAction.class.php Á¨¨ 25 Ë°å.
[ 2012-12-06T20:30:16+08:00 ] /Thinkphp/Index/read/id/5 | SQL: SHOW COLUMNS FROM `test_user` [ RunTime:0.001220s ]
[ 2012-12-06T20:30:16+08:00 ] /Thinkphp/Index/read/id/5 | SQL: SELECT * FROM `test_user`  [ RunTime:0.000487s ]
[ 2012-12-06T20:30:17+08:00 ] /Thinkphp/Index/read/id/5 | INFO: Tag[ route_check ] --START--
[ 2012-12-06T20:30:17+08:00 ] /Thinkphp/Index/read/id/5 | INFO: Run CheckRoute Behavior [ RunTime:0.000642s ]
[ 2012-12-06T20:30:17+08:00 ] /Thinkphp/Index/read/id/5 | INFO: Tag[ route_check ] --END-- [ RunTime:0.000727s ]
[ 2012-12-06T20:30:17+08:00 ] /Thinkphp/Index/read/id/5 | INFO: Tag[ app_begin ] --START--
[ 2012-12-06T20:30:17+08:00 ] /Thinkphp/Index/read/id/5 | INFO: Run ReadHtmlCache Behavior [ RunTime:0.000465s ]
[ 2012-12-06T20:30:17+08:00 ] /Thinkphp/Index/read/id/5 | INFO: Tag[ app_begin ] --END-- [ RunTime:0.000533s ]
[ 2012-12-06T20:30:17+08:00 ] /Thinkphp/Index/read/id/5 | NOTIC: [2] Missing argument 1 for IndexAction::read() IndexAction.class.php Á¨¨ 22 Ë°å.
[ 2012-12-06T20:30:17+08:00 ] /Thinkphp/Index/read/id/5 | NOTIC: [8] Undefined variable: id IndexAction.class.php Á¨¨ 25 Ë°å.
[ 2012-12-06T20:30:17+08:00 ] /Thinkphp/Index/read/id/5 | SQL: SHOW COLUMNS FROM `test_user` [ RunTime:0.001228s ]
[ 2012-12-06T20:30:17+08:00 ] /Thinkphp/Index/read/id/5 | SQL: SELECT * FROM `test_user`  [ RunTime:0.000296s ]
[ 2012-12-06T20:30:43+08:00 ] /Thinkphp/Index/read/id/5 | INFO: Tag[ route_check ] --START--
[ 2012-12-06T20:30:43+08:00 ] /Thinkphp/Index/read/id/5 | INFO: Run CheckRoute Behavior [ RunTime:0.000819s ]
[ 2012-12-06T20:30:43+08:00 ] /Thinkphp/Index/read/id/5 | INFO: Tag[ route_check ] --END-- [ RunTime:0.000912s ]
[ 2012-12-06T20:30:43+08:00 ] /Thinkphp/Index/read/id/5 | INFO: Tag[ app_begin ] --START--
[ 2012-12-06T20:30:43+08:00 ] /Thinkphp/Index/read/id/5 | INFO: Run ReadHtmlCache Behavior [ RunTime:0.001093s ]
[ 2012-12-06T20:30:43+08:00 ] /Thinkphp/Index/read/id/5 | INFO: Tag[ app_begin ] --END-- [ RunTime:0.001162s ]
[ 2012-12-06T20:30:43+08:00 ] /Thinkphp/Index/read/id/5 | NOTIC: [2] Missing argument 1 for IndexAction::read() IndexAction.class.php Á¨¨ 22 Ë°å.
[ 2012-12-06T20:30:43+08:00 ] /Thinkphp/Index/read/id/5 | NOTIC: [8] Undefined variable: id IndexAction.class.php Á¨¨ 25 Ë°å.
[ 2012-12-06T20:30:43+08:00 ] /Thinkphp/Index/read/id/5 | SQL: SHOW COLUMNS FROM `test_user` [ RunTime:0.002189s ]
[ 2012-12-06T20:30:43+08:00 ] /Thinkphp/Index/read/id/5 | SQL: SELECT * FROM `test_user`  [ RunTime:0.000483s ]
[ 2012-12-06T20:30:43+08:00 ] /Thinkphp/Index/read/id/5 | INFO: Tag[ route_check ] --START--
[ 2012-12-06T20:30:43+08:00 ] /Thinkphp/Index/read/id/5 | INFO: Run CheckRoute Behavior [ RunTime:0.000795s ]
[ 2012-12-06T20:30:43+08:00 ] /Thinkphp/Index/read/id/5 | INFO: Tag[ route_check ] --END-- [ RunTime:0.000885s ]
[ 2012-12-06T20:30:43+08:00 ] /Thinkphp/Index/read/id/5 | INFO: Tag[ app_begin ] --START--
[ 2012-12-06T20:30:43+08:00 ] /Thinkphp/Index/read/id/5 | INFO: Run ReadHtmlCache Behavior [ RunTime:0.000617s ]
[ 2012-12-06T20:30:43+08:00 ] /Thinkphp/Index/read/id/5 | INFO: Tag[ app_begin ] --END-- [ RunTime:0.000686s ]
[ 2012-12-06T20:30:43+08:00 ] /Thinkphp/Index/read/id/5 | NOTIC: [2] Missing argument 1 for IndexAction::read() IndexAction.class.php Á¨¨ 22 Ë°å.
[ 2012-12-06T20:30:43+08:00 ] /Thinkphp/Index/read/id/5 | NOTIC: [8] Undefined variable: id IndexAction.class.php Á¨¨ 25 Ë°å.
[ 2012-12-06T20:30:43+08:00 ] /Thinkphp/Index/read/id/5 | SQL: SHOW COLUMNS FROM `test_user` [ RunTime:0.001714s ]
[ 2012-12-06T20:30:43+08:00 ] /Thinkphp/Index/read/id/5 | SQL: SELECT * FROM `test_user`  [ RunTime:0.000859s ]
[ 2012-12-06T20:30:50+08:00 ] /Thinkphp/Index/read/id/5 | INFO: Tag[ route_check ] --START--
[ 2012-12-06T20:30:50+08:00 ] /Thinkphp/Index/read/id/5 | INFO: Run CheckRoute Behavior [ RunTime:0.000846s ]
[ 2012-12-06T20:30:50+08:00 ] /Thinkphp/Index/read/id/5 | INFO: Tag[ route_check ] --END-- [ RunTime:0.000936s ]
[ 2012-12-06T20:30:50+08:00 ] /Thinkphp/Index/read/id/5 | INFO: Tag[ app_begin ] --START--
[ 2012-12-06T20:30:50+08:00 ] /Thinkphp/Index/read/id/5 | INFO: Run ReadHtmlCache Behavior [ RunTime:0.000551s ]
[ 2012-12-06T20:30:50+08:00 ] /Thinkphp/Index/read/id/5 | INFO: Tag[ app_begin ] --END-- [ RunTime:0.000619s ]
[ 2012-12-06T20:30:50+08:00 ] /Thinkphp/Index/read/id/5 | NOTIC: [2] Missing argument 1 for IndexAction::read() IndexAction.class.php Á¨¨ 22 Ë°å.
[ 2012-12-06T20:30:50+08:00 ] /Thinkphp/Index/read/id/5 | NOTIC: [8] Undefined variable: id IndexAction.class.php Á¨¨ 25 Ë°å.
[ 2012-12-06T20:30:50+08:00 ] /Thinkphp/Index/read/id/5 | SQL: SHOW COLUMNS FROM `test_user` [ RunTime:0.001323s ]
[ 2012-12-06T20:30:50+08:00 ] /Thinkphp/Index/read/id/5 | SQL: SELECT * FROM `test_user`  [ RunTime:0.000440s ]
[ 2012-12-06T20:30:57+08:00 ] /Thinkphp/Index/read/id/5 | INFO: Tag[ route_check ] --START--
[ 2012-12-06T20:30:57+08:00 ] /Thinkphp/Index/read/id/5 | INFO: Run CheckRoute Behavior [ RunTime:0.000809s ]
[ 2012-12-06T20:30:57+08:00 ] /Thinkphp/Index/read/id/5 | INFO: Tag[ route_check ] --END-- [ RunTime:0.000896s ]
[ 2012-12-06T20:30:57+08:00 ] /Thinkphp/Index/read/id/5 | INFO: Tag[ app_begin ] --START--
[ 2012-12-06T20:30:57+08:00 ] /Thinkphp/Index/read/id/5 | INFO: Run ReadHtmlCache Behavior [ RunTime:0.000538s ]
[ 2012-12-06T20:30:57+08:00 ] /Thinkphp/Index/read/id/5 | INFO: Tag[ app_begin ] --END-- [ RunTime:0.000635s ]
[ 2012-12-06T20:30:57+08:00 ] /Thinkphp/Index/read/id/5 | NOTIC: [2] Missing argument 1 for IndexAction::read() IndexAction.class.php Á¨¨ 22 Ë°å.
[ 2012-12-06T20:30:57+08:00 ] /Thinkphp/Index/read/id/5 | NOTIC: [8] Undefined variable: id IndexAction.class.php Á¨¨ 25 Ë°å.
[ 2012-12-06T20:30:57+08:00 ] /Thinkphp/Index/read/id/5 | SQL: SHOW COLUMNS FROM `test_user` [ RunTime:0.001262s ]
[ 2012-12-06T20:30:57+08:00 ] /Thinkphp/Index/read/id/5 | SQL: SELECT * FROM `test_user`  [ RunTime:0.000363s ]
[ 2012-12-06T20:30:57+08:00 ] /Thinkphp/Index/read/id/5 | NOTIC: [8] Array to string conversion IndexAction.class.php Á¨¨ 27 Ë°å.
[ 2012-12-06T20:31:12+08:00 ] /Thinkphp/Index/read/id/5 | INFO: Tag[ route_check ] --START--
[ 2012-12-06T20:31:12+08:00 ] /Thinkphp/Index/read/id/5 | INFO: Run CheckRoute Behavior [ RunTime:0.000866s ]
[ 2012-12-06T20:31:12+08:00 ] /Thinkphp/Index/read/id/5 | INFO: Tag[ route_check ] --END-- [ RunTime:0.000955s ]
[ 2012-12-06T20:31:12+08:00 ] /Thinkphp/Index/read/id/5 | INFO: Tag[ app_begin ] --START--
[ 2012-12-06T20:31:12+08:00 ] /Thinkphp/Index/read/id/5 | INFO: Run ReadHtmlCache Behavior [ RunTime:0.000610s ]
[ 2012-12-06T20:31:12+08:00 ] /Thinkphp/Index/read/id/5 | INFO: Tag[ app_begin ] --END-- [ RunTime:0.000678s ]
[ 2012-12-06T20:31:12+08:00 ] /Thinkphp/Index/read/id/5 | NOTIC: [2] Missing argument 1 for IndexAction::read() IndexAction.class.php Á¨¨ 22 Ë°å.
[ 2012-12-06T20:31:12+08:00 ] /Thinkphp/Index/read/id/5 | NOTIC: [8] Undefined variable: id IndexAction.class.php Á¨¨ 25 Ë°å.
[ 2012-12-06T20:31:12+08:00 ] /Thinkphp/Index/read/id/5 | SQL: SHOW COLUMNS FROM `test_user` [ RunTime:0.001166s ]
[ 2012-12-06T20:31:12+08:00 ] /Thinkphp/Index/read/id/5 | SQL: SELECT * FROM `test_user`  [ RunTime:0.000374s ]
[ 2012-12-06T20:32:13+08:00 ] /Thinkphp/Index/read/id/5 | INFO: Tag[ route_check ] --START--
[ 2012-12-06T20:32:13+08:00 ] /Thinkphp/Index/read/id/5 | INFO: Run CheckRoute Behavior [ RunTime:0.000894s ]
[ 2012-12-06T20:32:13+08:00 ] /Thinkphp/Index/read/id/5 | INFO: Tag[ route_check ] --END-- [ RunTime:0.000984s ]
[ 2012-12-06T20:32:13+08:00 ] /Thinkphp/Index/read/id/5 | INFO: Tag[ app_begin ] --START--
[ 2012-12-06T20:32:13+08:00 ] /Thinkphp/Index/read/id/5 | INFO: Run ReadHtmlCache Behavior [ RunTime:0.000676s ]
[ 2012-12-06T20:32:13+08:00 ] /Thinkphp/Index/read/id/5 | INFO: Tag[ app_begin ] --END-- [ RunTime:0.000745s ]
[ 2012-12-06T20:32:13+08:00 ] /Thinkphp/Index/read/id/5 | NOTIC: [2] Missing argument 1 for IndexAction::read() IndexAction.class.php Á¨¨ 22 Ë°å.
[ 2012-12-06T20:32:13+08:00 ] /Thinkphp/Index/read/id/5 | NOTIC: [8] Undefined variable: id IndexAction.class.php Á¨¨ 25 Ë°å.
[ 2012-12-06T20:32:13+08:00 ] /Thinkphp/Index/read/id/5 | SQL: SHOW COLUMNS FROM `test_user` [ RunTime:0.001343s ]
[ 2012-12-06T20:32:13+08:00 ] /Thinkphp/Index/read/id/5 | SQL: SELECT * FROM `test_user`  [ RunTime:0.000298s ]
[ 2012-12-06T20:34:30+08:00 ] /Thinkphp/Index/read/id/5 | INFO: Tag[ route_check ] --START--
[ 2012-12-06T20:34:30+08:00 ] /Thinkphp/Index/read/id/5 | INFO: Run CheckRoute Behavior [ RunTime:0.000869s ]
[ 2012-12-06T20:34:30+08:00 ] /Thinkphp/Index/read/id/5 | INFO: Tag[ route_check ] --END-- [ RunTime:0.000965s ]
[ 2012-12-06T20:34:30+08:00 ] /Thinkphp/Index/read/id/5 | INFO: Tag[ app_begin ] --START--
[ 2012-12-06T20:34:30+08:00 ] /Thinkphp/Index/read/id/5 | INFO: Run ReadHtmlCache Behavior [ RunTime:0.000598s ]
[ 2012-12-06T20:34:30+08:00 ] /Thinkphp/Index/read/id/5 | INFO: Tag[ app_begin ] --END-- [ RunTime:0.000666s ]
[ 2012-12-06T20:34:30+08:00 ] /Thinkphp/Index/read/id/5 | NOTIC: [2] Missing argument 1 for IndexAction::read() IndexAction.class.php Á¨¨ 22 Ë°å.
[ 2012-12-06T20:34:30+08:00 ] /Thinkphp/Index/read/id/5 | NOTIC: [8] Undefined variable: id IndexAction.class.php Á¨¨ 25 Ë°å.
[ 2012-12-06T20:34:30+08:00 ] /Thinkphp/Index/read/id/5 | SQL: SHOW COLUMNS FROM `test_user` [ RunTime:0.001409s ]
[ 2012-12-06T20:34:30+08:00 ] /Thinkphp/Index/read/id/5 | SQL: SELECT * FROM `test_user`  [ RunTime:0.000324s ]
[ 2012-12-06T20:34:30+08:00 ] /Thinkphp/Index/read/id/5 | NOTIC: [4096] Object of class UserModel could not be converted to string IndexAction.class.php Á¨¨ 28 Ë°å.
[ 2012-12-06T20:35:20+08:00 ] /Thinkphp/Index/read/id/5 | INFO: Tag[ route_check ] --START--
[ 2012-12-06T20:35:20+08:00 ] /Thinkphp/Index/read/id/5 | INFO: Run CheckRoute Behavior [ RunTime:0.000903s ]
[ 2012-12-06T20:35:20+08:00 ] /Thinkphp/Index/read/id/5 | INFO: Tag[ route_check ] --END-- [ RunTime:0.000994s ]
[ 2012-12-06T20:35:20+08:00 ] /Thinkphp/Index/read/id/5 | INFO: Tag[ app_begin ] --START--
[ 2012-12-06T20:35:20+08:00 ] /Thinkphp/Index/read/id/5 | INFO: Run ReadHtmlCache Behavior [ RunTime:0.000562s ]
[ 2012-12-06T20:35:20+08:00 ] /Thinkphp/Index/read/id/5 | INFO: Tag[ app_begin ] --END-- [ RunTime:0.000630s ]
[ 2012-12-06T20:35:20+08:00 ] /Thinkphp/Index/read/id/5 | NOTIC: [2] Missing argument 1 for IndexAction::read() IndexAction.class.php Á¨¨ 22 Ë°å.
[ 2012-12-06T20:35:20+08:00 ] /Thinkphp/Index/read/id/5 | NOTIC: [8] Undefined variable: id IndexAction.class.php Á¨¨ 25 Ë°å.
[ 2012-12-06T20:35:20+08:00 ] /Thinkphp/Index/read/id/5 | SQL: SHOW COLUMNS FROM `test_user` [ RunTime:0.001737s ]
[ 2012-12-06T20:35:20+08:00 ] /Thinkphp/Index/read/id/5 | SQL: SELECT * FROM `test_user` WHERE age=27  [ RunTime:0.001585s ]
[ 2012-12-06T20:36:33+08:00 ] /Thinkphp/Index/read/id/5 | INFO: Tag[ route_check ] --START--
[ 2012-12-06T20:36:33+08:00 ] /Thinkphp/Index/read/id/5 | INFO: Run CheckRoute Behavior [ RunTime:0.000662s ]
[ 2012-12-06T20:36:33+08:00 ] /Thinkphp/Index/read/id/5 | INFO: Tag[ route_check ] --END-- [ RunTime:0.000757s ]
[ 2012-12-06T20:36:33+08:00 ] /Thinkphp/Index/read/id/5 | INFO: Tag[ app_begin ] --START--
[ 2012-12-06T20:36:33+08:00 ] /Thinkphp/Index/read/id/5 | INFO: Run ReadHtmlCache Behavior [ RunTime:0.000501s ]
[ 2012-12-06T20:36:33+08:00 ] /Thinkphp/Index/read/id/5 | INFO: Tag[ app_begin ] --END-- [ RunTime:0.000570s ]
[ 2012-12-06T20:36:33+08:00 ] /Thinkphp/Index/read/id/5 | NOTIC: [2] Missing argument 1 for IndexAction::read() IndexAction.class.php Á¨¨ 22 Ë°å.
[ 2012-12-06T20:36:33+08:00 ] /Thinkphp/Index/read/id/5 | NOTIC: [8] Undefined variable: id IndexAction.class.php Á¨¨ 25 Ë°å.
[ 2012-12-06T20:36:33+08:00 ] /Thinkphp/Index/read/id/5 | SQL: SHOW COLUMNS FROM `test_user` [ RunTime:0.001666s ]
[ 2012-12-06T20:36:33+08:00 ] /Thinkphp/Index/read/id/5 | SQL: SELECT * FROM `test_user` WHERE age=27  [ RunTime:0.001742s ]
[ 2012-12-06T20:36:33+08:00 ] /Thinkphp/Index/read/id/5 | NOTIC: [8] Array to string conversion IndexAction.class.php Á¨¨ 28 Ë°å.
[ 2012-12-06T20:36:45+08:00 ] /Thinkphp/Index/read/id/5 | INFO: Tag[ route_check ] --START--
[ 2012-12-06T20:36:45+08:00 ] /Thinkphp/Index/read/id/5 | INFO: Run CheckRoute Behavior [ RunTime:0.000807s ]
[ 2012-12-06T20:36:45+08:00 ] /Thinkphp/Index/read/id/5 | INFO: Tag[ route_check ] --END-- [ RunTime:0.000896s ]
[ 2012-12-06T20:36:45+08:00 ] /Thinkphp/Index/read/id/5 | INFO: Tag[ app_begin ] --START--
[ 2012-12-06T20:36:45+08:00 ] /Thinkphp/Index/read/id/5 | INFO: Run ReadHtmlCache Behavior [ RunTime:0.000552s ]
[ 2012-12-06T20:36:45+08:00 ] /Thinkphp/Index/read/id/5 | INFO: Tag[ app_begin ] --END-- [ RunTime:0.000620s ]
[ 2012-12-06T20:36:45+08:00 ] /Thinkphp/Index/read/id/5 | NOTIC: [2] Missing argument 1 for IndexAction::read() IndexAction.class.php Á¨¨ 22 Ë°å.
[ 2012-12-06T20:36:45+08:00 ] /Thinkphp/Index/read/id/5 | NOTIC: [8] Undefined variable: id IndexAction.class.php Á¨¨ 25 Ë°å.
[ 2012-12-06T20:36:45+08:00 ] /Thinkphp/Index/read/id/5 | SQL: SHOW COLUMNS FROM `test_user` [ RunTime:0.001126s ]
[ 2012-12-06T20:36:45+08:00 ] /Thinkphp/Index/read/id/5 | SQL: SELECT * FROM `test_user` WHERE age=27  [ RunTime:0.000343s ]
[ 2012-12-06T20:36:45+08:00 ] /Thinkphp/Index/read/id/5 | NOTIC: [8] Undefined index: name IndexAction.class.php Á¨¨ 28 Ë°å.
[ 2012-12-06T20:36:46+08:00 ] /Thinkphp/Index/read/id/5 | INFO: Tag[ route_check ] --START--
[ 2012-12-06T20:36:46+08:00 ] /Thinkphp/Index/read/id/5 | INFO: Run CheckRoute Behavior [ RunTime:0.000646s ]
[ 2012-12-06T20:36:46+08:00 ] /Thinkphp/Index/read/id/5 | INFO: Tag[ route_check ] --END-- [ RunTime:0.000733s ]
[ 2012-12-06T20:36:46+08:00 ] /Thinkphp/Index/read/id/5 | INFO: Tag[ app_begin ] --START--
[ 2012-12-06T20:36:46+08:00 ] /Thinkphp/Index/read/id/5 | INFO: Run ReadHtmlCache Behavior [ RunTime:0.001125s ]
[ 2012-12-06T20:36:46+08:00 ] /Thinkphp/Index/read/id/5 | INFO: Tag[ app_begin ] --END-- [ RunTime:0.001198s ]
[ 2012-12-06T20:36:46+08:00 ] /Thinkphp/Index/read/id/5 | NOTIC: [2] Missing argument 1 for IndexAction::read() IndexAction.class.php Á¨¨ 22 Ë°å.
[ 2012-12-06T20:36:46+08:00 ] /Thinkphp/Index/read/id/5 | NOTIC: [8] Undefined variable: id IndexAction.class.php Á¨¨ 25 Ë°å.
[ 2012-12-06T20:36:46+08:00 ] /Thinkphp/Index/read/id/5 | SQL: SHOW COLUMNS FROM `test_user` [ RunTime:0.001205s ]
[ 2012-12-06T20:36:46+08:00 ] /Thinkphp/Index/read/id/5 | SQL: SELECT * FROM `test_user` WHERE age=27  [ RunTime:0.000307s ]
[ 2012-12-06T20:36:46+08:00 ] /Thinkphp/Index/read/id/5 | NOTIC: [8] Undefined index: name IndexAction.class.php Á¨¨ 28 Ë°å.
[ 2012-12-06T20:36:46+08:00 ] /Thinkphp/Index/read/id/5 | INFO: Tag[ route_check ] --START--
[ 2012-12-06T20:36:46+08:00 ] /Thinkphp/Index/read/id/5 | INFO: Run CheckRoute Behavior [ RunTime:0.000674s ]
[ 2012-12-06T20:36:46+08:00 ] /Thinkphp/Index/read/id/5 | INFO: Tag[ route_check ] --END-- [ RunTime:0.000762s ]
[ 2012-12-06T20:36:46+08:00 ] /Thinkphp/Index/read/id/5 | INFO: Tag[ app_begin ] --START--
[ 2012-12-06T20:36:46+08:00 ] /Thinkphp/Index/read/id/5 | INFO: Run ReadHtmlCache Behavior [ RunTime:0.000471s ]
[ 2012-12-06T20:36:46+08:00 ] /Thinkphp/Index/read/id/5 | INFO: Tag[ app_begin ] --END-- [ RunTime:0.000537s ]
[ 2012-12-06T20:36:46+08:00 ] /Thinkphp/Index/read/id/5 | NOTIC: [2] Missing argument 1 for IndexAction::read() IndexAction.class.php Á¨¨ 22 Ë°å.
[ 2012-12-06T20:36:46+08:00 ] /Thinkphp/Index/read/id/5 | NOTIC: [8] Undefined variable: id IndexAction.class.php Á¨¨ 25 Ë°å.
[ 2012-12-06T20:36:46+08:00 ] /Thinkphp/Index/read/id/5 | SQL: SHOW COLUMNS FROM `test_user` [ RunTime:0.001276s ]
[ 2012-12-06T20:36:46+08:00 ] /Thinkphp/Index/read/id/5 | SQL: SELECT * FROM `test_user` WHERE age=27  [ RunTime:0.000300s ]
[ 2012-12-06T20:36:46+08:00 ] /Thinkphp/Index/read/id/5 | NOTIC: [8] Undefined index: name IndexAction.class.php Á¨¨ 28 Ë°å.
[ 2012-12-06T20:36:47+08:00 ] /Thinkphp/Index/read/id/5 | INFO: Tag[ route_check ] --START--
[ 2012-12-06T20:36:47+08:00 ] /Thinkphp/Index/read/id/5 | INFO: Run CheckRoute Behavior [ RunTime:0.000646s ]
[ 2012-12-06T20:36:47+08:00 ] /Thinkphp/Index/read/id/5 | INFO: Tag[ route_check ] --END-- [ RunTime:0.000733s ]
[ 2012-12-06T20:36:47+08:00 ] /Thinkphp/Index/read/id/5 | INFO: Tag[ app_begin ] --START--
[ 2012-12-06T20:36:47+08:00 ] /Thinkphp/Index/read/id/5 | INFO: Run ReadHtmlCache Behavior [ RunTime:0.000461s ]
[ 2012-12-06T20:36:47+08:00 ] /Thinkphp/Index/read/id/5 | INFO: Tag[ app_begin ] --END-- [ RunTime:0.000529s ]
[ 2012-12-06T20:36:47+08:00 ] /Thinkphp/Index/read/id/5 | NOTIC: [2] Missing argument 1 for IndexAction::read() IndexAction.class.php Á¨¨ 22 Ë°å.
[ 2012-12-06T20:36:47+08:00 ] /Thinkphp/Index/read/id/5 | NOTIC: [8] Undefined variable: id IndexAction.class.php Á¨¨ 25 Ë°å.
[ 2012-12-06T20:36:47+08:00 ] /Thinkphp/Index/read/id/5 | SQL: SHOW COLUMNS FROM `test_user` [ RunTime:0.001767s ]
[ 2012-12-06T20:36:47+08:00 ] /Thinkphp/Index/read/id/5 | SQL: SELECT * FROM `test_user` WHERE age=27  [ RunTime:0.000863s ]
[ 2012-12-06T20:36:47+08:00 ] /Thinkphp/Index/read/id/5 | NOTIC: [8] Undefined index: name IndexAction.class.php Á¨¨ 28 Ë°å.
[ 2012-12-06T20:36:47+08:00 ] /Thinkphp/Index/read/id/5 | INFO: Tag[ route_check ] --START--
[ 2012-12-06T20:36:47+08:00 ] /Thinkphp/Index/read/id/5 | INFO: Run CheckRoute Behavior [ RunTime:0.000663s ]
[ 2012-12-06T20:36:47+08:00 ] /Thinkphp/Index/read/id/5 | INFO: Tag[ route_check ] --END-- [ RunTime:0.000750s ]
[ 2012-12-06T20:36:47+08:00 ] /Thinkphp/Index/read/id/5 | INFO: Tag[ app_begin ] --START--
[ 2012-12-06T20:36:47+08:00 ] /Thinkphp/Index/read/id/5 | INFO: Run ReadHtmlCache Behavior [ RunTime:0.000466s ]
[ 2012-12-06T20:36:47+08:00 ] /Thinkphp/Index/read/id/5 | INFO: Tag[ app_begin ] --END-- [ RunTime:0.000533s ]
[ 2012-12-06T20:36:47+08:00 ] /Thinkphp/Index/read/id/5 | NOTIC: [2] Missing argument 1 for IndexAction::read() IndexAction.class.php Á¨¨ 22 Ë°å.
[ 2012-12-06T20:36:47+08:00 ] /Thinkphp/Index/read/id/5 | NOTIC: [8] Undefined variable: id IndexAction.class.php Á¨¨ 25 Ë°å.
[ 2012-12-06T20:36:47+08:00 ] /Thinkphp/Index/read/id/5 | SQL: SHOW COLUMNS FROM `test_user` [ RunTime:0.001198s ]
[ 2012-12-06T20:36:47+08:00 ] /Thinkphp/Index/read/id/5 | SQL: SELECT * FROM `test_user` WHERE age=27  [ RunTime:0.000294s ]
[ 2012-12-06T20:36:47+08:00 ] /Thinkphp/Index/read/id/5 | NOTIC: [8] Undefined index: name IndexAction.class.php Á¨¨ 28 Ë°å.
[ 2012-12-06T20:36:47+08:00 ] /Thinkphp/Index/read/id/5 | INFO: Tag[ route_check ] --START--
[ 2012-12-06T20:36:47+08:00 ] /Thinkphp/Index/read/id/5 | INFO: Run CheckRoute Behavior [ RunTime:0.000642s ]
[ 2012-12-06T20:36:47+08:00 ] /Thinkphp/Index/read/id/5 | INFO: Tag[ route_check ] --END-- [ RunTime:0.000749s ]
[ 2012-12-06T20:36:47+08:00 ] /Thinkphp/Index/read/id/5 | INFO: Tag[ app_begin ] --START--
[ 2012-12-06T20:36:47+08:00 ] /Thinkphp/Index/read/id/5 | INFO: Run ReadHtmlCache Behavior [ RunTime:0.000494s ]
[ 2012-12-06T20:36:47+08:00 ] /Thinkphp/Index/read/id/5 | INFO: Tag[ app_begin ] --END-- [ RunTime:0.000562s ]
[ 2012-12-06T20:36:47+08:00 ] /Thinkphp/Index/read/id/5 | NOTIC: [2] Missing argument 1 for IndexAction::read() IndexAction.class.php Á¨¨ 22 Ë°å.
[ 2012-12-06T20:36:47+08:00 ] /Thinkphp/Index/read/id/5 | NOTIC: [8] Undefined variable: id IndexAction.class.php Á¨¨ 25 Ë°å.
[ 2012-12-06T20:36:47+08:00 ] /Thinkphp/Index/read/id/5 | SQL: SHOW COLUMNS FROM `test_user` [ RunTime:0.001264s ]
[ 2012-12-06T20:36:47+08:00 ] /Thinkphp/Index/read/id/5 | SQL: SELECT * FROM `test_user` WHERE age=27  [ RunTime:0.000389s ]
[ 2012-12-06T20:36:47+08:00 ] /Thinkphp/Index/read/id/5 | NOTIC: [8] Undefined index: name IndexAction.class.php Á¨¨ 28 Ë°å.
[ 2012-12-06T20:36:47+08:00 ] /Thinkphp/Index/read/id/5 | INFO: Tag[ route_check ] --START--
[ 2012-12-06T20:36:47+08:00 ] /Thinkphp/Index/read/id/5 | INFO: Run CheckRoute Behavior [ RunTime:0.000731s ]
[ 2012-12-06T20:36:47+08:00 ] /Thinkphp/Index/read/id/5 | INFO: Tag[ route_check ] --END-- [ RunTime:0.000822s ]
[ 2012-12-06T20:36:47+08:00 ] /Thinkphp/Index/read/id/5 | INFO: Tag[ app_begin ] --START--
[ 2012-12-06T20:36:47+08:00 ] /Thinkphp/Index/read/id/5 | INFO: Run ReadHtmlCache Behavior [ RunTime:0.000513s ]
[ 2012-12-06T20:36:47+08:00 ] /Thinkphp/Index/read/id/5 | INFO: Tag[ app_begin ] --END-- [ RunTime:0.000584s ]
[ 2012-12-06T20:36:47+08:00 ] /Thinkphp/Index/read/id/5 | NOTIC: [2] Missing argument 1 for IndexAction::read() IndexAction.class.php Á¨¨ 22 Ë°å.
[ 2012-12-06T20:36:47+08:00 ] /Thinkphp/Index/read/id/5 | NOTIC: [8] Undefined variable: id IndexAction.class.php Á¨¨ 25 Ë°å.
[ 2012-12-06T20:36:47+08:00 ] /Thinkphp/Index/read/id/5 | SQL: SHOW COLUMNS FROM `test_user` [ RunTime:0.001155s ]
[ 2012-12-06T20:36:47+08:00 ] /Thinkphp/Index/read/id/5 | SQL: SELECT * FROM `test_user` WHERE age=27  [ RunTime:0.000312s ]
[ 2012-12-06T20:36:47+08:00 ] /Thinkphp/Index/read/id/5 | NOTIC: [8] Undefined index: name IndexAction.class.php Á¨¨ 28 Ë°å.
[ 2012-12-06T20:36:47+08:00 ] /Thinkphp/Index/read/id/5 | INFO: Tag[ route_check ] --START--
[ 2012-12-06T20:36:47+08:00 ] /Thinkphp/Index/read/id/5 | INFO: Run CheckRoute Behavior [ RunTime:0.000651s ]
[ 2012-12-06T20:36:47+08:00 ] /Thinkphp/Index/read/id/5 | INFO: Tag[ route_check ] --END-- [ RunTime:0.000740s ]
[ 2012-12-06T20:36:47+08:00 ] /Thinkphp/Index/read/id/5 | INFO: Tag[ app_begin ] --START--
[ 2012-12-06T20:36:47+08:00 ] /Thinkphp/Index/read/id/5 | INFO: Run ReadHtmlCache Behavior [ RunTime:0.000471s ]
[ 2012-12-06T20:36:47+08:00 ] /Thinkphp/Index/read/id/5 | INFO: Tag[ app_begin ] --END-- [ RunTime:0.000538s ]
[ 2012-12-06T20:36:47+08:00 ] /Thinkphp/Index/read/id/5 | NOTIC: [2] Missing argument 1 for IndexAction::read() IndexAction.class.php Á¨¨ 22 Ë°å.
[ 2012-12-06T20:36:47+08:00 ] /Thinkphp/Index/read/id/5 | NOTIC: [8] Undefined variable: id IndexAction.class.php Á¨¨ 25 Ë°å.
[ 2012-12-06T20:36:47+08:00 ] /Thinkphp/Index/read/id/5 | SQL: SHOW COLUMNS FROM `test_user` [ RunTime:0.001614s ]
[ 2012-12-06T20:36:47+08:00 ] /Thinkphp/Index/read/id/5 | SQL: SELECT * FROM `test_user` WHERE age=27  [ RunTime:0.000784s ]
[ 2012-12-06T20:36:47+08:00 ] /Thinkphp/Index/read/id/5 | NOTIC: [8] Undefined index: name IndexAction.class.php Á¨¨ 28 Ë°å.
[ 2012-12-06T20:36:47+08:00 ] /Thinkphp/Index/read/id/5 | INFO: Tag[ route_check ] --START--
[ 2012-12-06T20:36:47+08:00 ] /Thinkphp/Index/read/id/5 | INFO: Run CheckRoute Behavior [ RunTime:0.000658s ]
[ 2012-12-06T20:36:47+08:00 ] /Thinkphp/Index/read/id/5 | INFO: Tag[ route_check ] --END-- [ RunTime:0.000747s ]
[ 2012-12-06T20:36:47+08:00 ] /Thinkphp/Index/read/id/5 | INFO: Tag[ app_begin ] --START--
[ 2012-12-06T20:36:47+08:00 ] /Thinkphp/Index/read/id/5 | INFO: Run ReadHtmlCache Behavior [ RunTime:0.000474s ]
[ 2012-12-06T20:36:47+08:00 ] /Thinkphp/Index/read/id/5 | INFO: Tag[ app_begin ] --END-- [ RunTime:0.000542s ]
[ 2012-12-06T20:36:47+08:00 ] /Thinkphp/Index/read/id/5 | NOTIC: [2] Missing argument 1 for IndexAction::read() IndexAction.class.php Á¨¨ 22 Ë°å.
[ 2012-12-06T20:36:47+08:00 ] /Thinkphp/Index/read/id/5 | NOTIC: [8] Undefined variable: id IndexAction.class.php Á¨¨ 25 Ë°å.
[ 2012-12-06T20:36:47+08:00 ] /Thinkphp/Index/read/id/5 | SQL: SHOW COLUMNS FROM `test_user` [ RunTime:0.001567s ]
[ 2012-12-06T20:36:47+08:00 ] /Thinkphp/Index/read/id/5 | SQL: SELECT * FROM `test_user` WHERE age=27  [ RunTime:0.000331s ]
[ 2012-12-06T20:36:47+08:00 ] /Thinkphp/Index/read/id/5 | NOTIC: [8] Undefined index: name IndexAction.class.php Á¨¨ 28 Ë°å.
[ 2012-12-06T20:37:11+08:00 ] /Thinkphp/Index/read/id/5 | INFO: Tag[ route_check ] --START--
[ 2012-12-06T20:37:11+08:00 ] /Thinkphp/Index/read/id/5 | INFO: Run CheckRoute Behavior [ RunTime:0.000948s ]
[ 2012-12-06T20:37:11+08:00 ] /Thinkphp/Index/read/id/5 | INFO: Tag[ route_check ] --END-- [ RunTime:0.001042s ]
[ 2012-12-06T20:37:11+08:00 ] /Thinkphp/Index/read/id/5 | INFO: Tag[ app_begin ] --START--
[ 2012-12-06T20:37:11+08:00 ] /Thinkphp/Index/read/id/5 | INFO: Run ReadHtmlCache Behavior [ RunTime:0.000678s ]
[ 2012-12-06T20:37:11+08:00 ] /Thinkphp/Index/read/id/5 | INFO: Tag[ app_begin ] --END-- [ RunTime:0.000750s ]
[ 2012-12-06T20:37:11+08:00 ] /Thinkphp/Index/read/id/5 | NOTIC: [2] Missing argument 1 for IndexAction::read() IndexAction.class.php Á¨¨ 22 Ë°å.
[ 2012-12-06T20:37:11+08:00 ] /Thinkphp/Index/read/id/5 | NOTIC: [8] Undefined variable: id IndexAction.class.php Á¨¨ 25 Ë°å.
[ 2012-12-06T20:37:11+08:00 ] /Thinkphp/Index/read/id/5 | SQL: SHOW COLUMNS FROM `test_user` [ RunTime:0.001152s ]
[ 2012-12-06T20:37:11+08:00 ] /Thinkphp/Index/read/id/5 | SQL: SELECT * FROM `test_user` WHERE ( `id` = 1 ) LIMIT 1   [ RunTime:0.000517s ]
[ 2012-12-06T20:37:28+08:00 ] /Thinkphp/Index/read/id/5 | INFO: Tag[ route_check ] --START--
[ 2012-12-06T20:37:28+08:00 ] /Thinkphp/Index/read/id/5 | INFO: Run CheckRoute Behavior [ RunTime:0.000887s ]
[ 2012-12-06T20:37:28+08:00 ] /Thinkphp/Index/read/id/5 | INFO: Tag[ route_check ] --END-- [ RunTime:0.000977s ]
[ 2012-12-06T20:37:28+08:00 ] /Thinkphp/Index/read/id/5 | INFO: Tag[ app_begin ] --START--
[ 2012-12-06T20:37:28+08:00 ] /Thinkphp/Index/read/id/5 | INFO: Run ReadHtmlCache Behavior [ RunTime:0.000555s ]
[ 2012-12-06T20:37:28+08:00 ] /Thinkphp/Index/read/id/5 | INFO: Tag[ app_begin ] --END-- [ RunTime:0.000623s ]
[ 2012-12-06T20:37:28+08:00 ] /Thinkphp/Index/read/id/5 | NOTIC: [2] Missing argument 1 for IndexAction::read() IndexAction.class.php Á¨¨ 22 Ë°å.
[ 2012-12-06T20:37:28+08:00 ] /Thinkphp/Index/read/id/5 | NOTIC: [8] Undefined variable: id IndexAction.class.php Á¨¨ 25 Ë°å.
[ 2012-12-06T20:37:28+08:00 ] /Thinkphp/Index/read/id/5 | SQL: SHOW COLUMNS FROM `test_user` [ RunTime:0.001210s ]
[ 2012-12-06T20:37:28+08:00 ] /Thinkphp/Index/read/id/5 | SQL: SELECT * FROM `test_user` WHERE age=28  [ RunTime:0.000602s ]
[ 2012-12-06T20:37:28+08:00 ] /Thinkphp/Index/read/id/5 | NOTIC: [8] Undefined index: name IndexAction.class.php Á¨¨ 28 Ë°å.
[ 2012-12-06T20:41:29+08:00 ] /Thinkphp/Index/read/id/5 | INFO: Tag[ route_check ] --START--
[ 2012-12-06T20:41:29+08:00 ] /Thinkphp/Index/read/id/5 | INFO: Run CheckRoute Behavior [ RunTime:0.000826s ]
[ 2012-12-06T20:41:29+08:00 ] /Thinkphp/Index/read/id/5 | INFO: Tag[ route_check ] --END-- [ RunTime:0.000922s ]
[ 2012-12-06T20:41:29+08:00 ] /Thinkphp/Index/read/id/5 | INFO: Tag[ app_begin ] --START--
[ 2012-12-06T20:41:29+08:00 ] /Thinkphp/Index/read/id/5 | INFO: Run ReadHtmlCache Behavior [ RunTime:0.000547s ]
[ 2012-12-06T20:41:29+08:00 ] /Thinkphp/Index/read/id/5 | INFO: Tag[ app_begin ] --END-- [ RunTime:0.000614s ]
[ 2012-12-06T20:41:29+08:00 ] /Thinkphp/Index/read/id/5 | NOTIC: [2] Missing argument 1 for IndexAction::read() IndexAction.class.php Á¨¨ 22 Ë°å.
[ 2012-12-06T20:41:29+08:00 ] /Thinkphp/Index/read/id/5 | NOTIC: [8] Undefined variable: id IndexAction.class.php Á¨¨ 25 Ë°å.
[ 2012-12-06T20:41:29+08:00 ] /Thinkphp/Index/read/id/5 | SQL: SHOW COLUMNS FROM `test_user` [ RunTime:0.001498s ]
[ 2012-12-06T20:41:29+08:00 ] /Thinkphp/Index/read/id/5 | SQL: SELECT * FROM `test_user` WHERE age=28  [ RunTime:0.000295s ]
[ 2012-12-06T20:41:29+08:00 ] /Thinkphp/Index/read/id/5 | NOTIC: [8] Undefined index: name IndexAction.class.php Á¨¨ 28 Ë°å.
[ 2012-12-06T20:41:29+08:00 ] /Thinkphp/Index/read/id/5 | INFO: Tag[ route_check ] --START--
[ 2012-12-06T20:41:29+08:00 ] /Thinkphp/Index/read/id/5 | INFO: Run CheckRoute Behavior [ RunTime:0.000750s ]
[ 2012-12-06T20:41:29+08:00 ] /Thinkphp/Index/read/id/5 | INFO: Tag[ route_check ] --END-- [ RunTime:0.000841s ]
[ 2012-12-06T20:41:29+08:00 ] /Thinkphp/Index/read/id/5 | INFO: Tag[ app_begin ] --START--
[ 2012-12-06T20:41:29+08:00 ] /Thinkphp/Index/read/id/5 | INFO: Run ReadHtmlCache Behavior [ RunTime:0.000503s ]
[ 2012-12-06T20:41:29+08:00 ] /Thinkphp/Index/read/id/5 | INFO: Tag[ app_begin ] --END-- [ RunTime:0.000571s ]
[ 2012-12-06T20:41:29+08:00 ] /Thinkphp/Index/read/id/5 | NOTIC: [2] Missing argument 1 for IndexAction::read() IndexAction.class.php Á¨¨ 22 Ë°å.
[ 2012-12-06T20:41:29+08:00 ] /Thinkphp/Index/read/id/5 | NOTIC: [8] Undefined variable: id IndexAction.class.php Á¨¨ 25 Ë°å.
[ 2012-12-06T20:41:29+08:00 ] /Thinkphp/Index/read/id/5 | SQL: SHOW COLUMNS FROM `test_user` [ RunTime:0.001305s ]
[ 2012-12-06T20:41:29+08:00 ] /Thinkphp/Index/read/id/5 | SQL: SELECT * FROM `test_user` WHERE age=28  [ RunTime:0.000312s ]
[ 2012-12-06T20:41:29+08:00 ] /Thinkphp/Index/read/id/5 | NOTIC: [8] Undefined index: name IndexAction.class.php Á¨¨ 28 Ë°å.
[ 2012-12-06T20:41:29+08:00 ] /Thinkphp/Index/read/id/5 | INFO: Tag[ route_check ] --START--
[ 2012-12-06T20:41:29+08:00 ] /Thinkphp/Index/read/id/5 | INFO: Run CheckRoute Behavior [ RunTime:0.000677s ]
[ 2012-12-06T20:41:29+08:00 ] /Thinkphp/Index/read/id/5 | INFO: Tag[ route_check ] --END-- [ RunTime:0.000763s ]
[ 2012-12-06T20:41:29+08:00 ] /Thinkphp/Index/read/id/5 | INFO: Tag[ app_begin ] --START--
[ 2012-12-06T20:41:29+08:00 ] /Thinkphp/Index/read/id/5 | INFO: Run ReadHtmlCache Behavior [ RunTime:0.000467s ]
[ 2012-12-06T20:41:29+08:00 ] /Thinkphp/Index/read/id/5 | INFO: Tag[ app_begin ] --END-- [ RunTime:0.000535s ]
[ 2012-12-06T20:41:29+08:00 ] /Thinkphp/Index/read/id/5 | NOTIC: [2] Missing argument 1 for IndexAction::read() IndexAction.class.php Á¨¨ 22 Ë°å.
[ 2012-12-06T20:41:29+08:00 ] /Thinkphp/Index/read/id/5 | NOTIC: [8] Undefined variable: id IndexAction.class.php Á¨¨ 25 Ë°å.
[ 2012-12-06T20:41:29+08:00 ] /Thinkphp/Index/read/id/5 | SQL: SHOW COLUMNS FROM `test_user` [ RunTime:0.001160s ]
[ 2012-12-06T20:41:29+08:00 ] /Thinkphp/Index/read/id/5 | SQL: SELECT * FROM `test_user` WHERE age=28  [ RunTime:0.000292s ]
[ 2012-12-06T20:41:29+08:00 ] /Thinkphp/Index/read/id/5 | NOTIC: [8] Undefined index: name IndexAction.class.php Á¨¨ 28 Ë°å.
