[ 2013-04-12T08:55:10+08:00 ] /jiasp2/ | INFO: Tag[ app_begin ] --START--
[ 2013-04-12T08:55:10+08:00 ] /jiasp2/ | INFO: Run ReadHtmlCache Behavior [ RunTime:0.001137s ]
[ 2013-04-12T08:55:10+08:00 ] /jiasp2/ | INFO: Tag[ app_begin ] --END-- [ RunTime:0.001311s ]
[ 2013-04-12T08:55:10+08:00 ] /jiasp2/ | INFO: Tag[ view_template ] --START--
[ 2013-04-12T08:55:10+08:00 ] /jiasp2/ | INFO: Run LocationTemplate Behavior [ RunTime:0.001284s ]
[ 2013-04-12T08:55:10+08:00 ] /jiasp2/ | INFO: Tag[ view_template ] --END-- [ RunTime:0.001419s ]
[ 2013-04-12T08:55:10+08:00 ] /jiasp2/ | INFO: Tag[ view_parse ] --START--
[ 2013-04-12T08:55:10+08:00 ] /jiasp2/ | INFO: Run ParseTemplate Behavior [ RunTime:0.011466s ]
[ 2013-04-12T08:55:10+08:00 ] /jiasp2/ | INFO: Tag[ view_parse ] --END-- [ RunTime:0.011601s ]
[ 2013-04-12T08:55:10+08:00 ] /jiasp2/ | INFO: Tag[ view_filter ] --START--
[ 2013-04-12T08:55:10+08:00 ] /jiasp2/ | INFO: Run ContentReplace Behavior [ RunTime:0.000449s ]
[ 2013-04-12T08:55:10+08:00 ] /jiasp2/ | INFO: Run TokenBuild Behavior [ RunTime:0.000500s ]
[ 2013-04-12T08:55:10+08:00 ] /jiasp2/ | INFO: Run WriteHtmlCache Behavior [ RunTime:0.000311s ]
[ 2013-04-12T08:55:10+08:00 ] /jiasp2/ | INFO: Run ShowRuntime Behavior [ RunTime:0.000518s ]
[ 2013-04-12T08:55:10+08:00 ] /jiasp2/ | INFO: Tag[ view_filter ] --END-- [ RunTime:0.001965s ]
[ 2013-04-12T08:55:10+08:00 ] /jiasp2/ | INFO: Tag[ view_template ] --START--
[ 2013-04-12T08:55:10+08:00 ] /jiasp2/ | INFO: Run LocationTemplate Behavior [ RunTime:0.000218s ]
[ 2013-04-12T08:55:10+08:00 ] /jiasp2/ | INFO: Tag[ view_template ] --END-- [ RunTime:-0.013817s ]
[ 2013-04-12T08:55:10+08:00 ] /jiasp2/ | INFO: Tag[ view_parse ] --START--
[ 2013-04-12T08:55:10+08:00 ] /jiasp2/ | INFO: Run ParseTemplate Behavior [ RunTime:0.002200s ]
[ 2013-04-12T08:55:10+08:00 ] /jiasp2/ | INFO: Tag[ view_parse ] --END-- [ RunTime:-0.002444s ]
[ 2013-04-12T08:55:10+08:00 ] /jiasp2/ | INFO: Tag[ view_filter ] --START--
[ 2013-04-12T08:55:10+08:00 ] /jiasp2/ | INFO: Run ContentReplace Behavior [ RunTime:0.000102s ]
[ 2013-04-12T08:55:10+08:00 ] /jiasp2/ | INFO: Run TokenBuild Behavior [ RunTime:0.000094s ]
[ 2013-04-12T08:55:10+08:00 ] /jiasp2/ | INFO: Run WriteHtmlCache Behavior [ RunTime:0.000017s ]
[ 2013-04-12T08:55:10+08:00 ] /jiasp2/ | INFO: Run ShowRuntime Behavior [ RunTime:0.000130s ]
[ 2013-04-12T08:55:10+08:00 ] /jiasp2/ | INFO: Tag[ view_filter ] --END-- [ RunTime:-0.002747s ]
[ 2013-04-12T08:55:10+08:00 ] /jiasp2/ | INFO: Tag[ view_template ] --START--
[ 2013-04-12T08:55:10+08:00 ] /jiasp2/ | INFO: Run LocationTemplate Behavior [ RunTime:0.000170s ]
[ 2013-04-12T08:55:10+08:00 ] /jiasp2/ | INFO: Tag[ view_template ] --END-- [ RunTime:-0.017089s ]
[ 2013-04-12T08:55:10+08:00 ] /jiasp2/ | INFO: Tag[ view_parse ] --START--
[ 2013-04-12T08:55:10+08:00 ] /jiasp2/ | INFO: Run ParseTemplate Behavior [ RunTime:0.004095s ]
[ 2013-04-12T08:55:10+08:00 ] /jiasp2/ | INFO: Tag[ view_parse ] --END-- [ RunTime:-0.005664s ]
[ 2013-04-12T08:55:10+08:00 ] /jiasp2/ | INFO: Tag[ view_filter ] --START--
[ 2013-04-12T08:55:10+08:00 ] /jiasp2/ | INFO: Run ContentReplace Behavior [ RunTime:0.000169s ]
[ 2013-04-12T08:55:10+08:00 ] /jiasp2/ | INFO: Run TokenBuild Behavior [ RunTime:0.000165s ]
[ 2013-04-12T08:55:10+08:00 ] /jiasp2/ | INFO: Run WriteHtmlCache Behavior [ RunTime:0.000019s ]
[ 2013-04-12T08:55:10+08:00 ] /jiasp2/ | INFO: Run ShowRuntime Behavior [ RunTime:0.000141s ]
[ 2013-04-12T08:55:10+08:00 ] /jiasp2/ | INFO: Tag[ view_filter ] --END-- [ RunTime:-0.007871s ]
[ 2013-04-12T08:55:10+08:00 ] /jiasp2/ | INFO: Tag[ view_end ] --START--
[ 2013-04-12T08:55:10+08:00 ] /jiasp2/ | INFO: Run ShowPageTrace Behavior [ RunTime:0.001093s ]
[ 2013-04-12T08:55:10+08:00 ] /jiasp2/ | INFO: Tag[ view_end ] --END-- [ RunTime:0.001171s ]
[ 2013-04-12T08:55:11+08:00 ] /jiasp2/Public/pic/visitor_textBg.png | ERR: (ThinkException) 无法加载模块Public
[ 2013-04-12T08:55:19+08:00 ] /jiasp2/Expert | INFO: Tag[ route_check ] --START--
[ 2013-04-12T08:55:19+08:00 ] /jiasp2/Expert | INFO: Run CheckRoute Behavior [ RunTime:0.000990s ]
[ 2013-04-12T08:55:19+08:00 ] /jiasp2/Expert | INFO: Tag[ route_check ] --END-- [ RunTime:0.001107s ]
[ 2013-04-12T08:55:19+08:00 ] /jiasp2/Expert | INFO: Tag[ app_begin ] --START--
[ 2013-04-12T08:55:19+08:00 ] /jiasp2/Expert | INFO: Run ReadHtmlCache Behavior [ RunTime:0.000551s ]
[ 2013-04-12T08:55:19+08:00 ] /jiasp2/Expert | INFO: Tag[ app_begin ] --END-- [ RunTime:0.000619s ]
[ 2013-04-12T08:55:19+08:00 ] /jiasp2/Expert | INFO: Tag[ view_template ] --START--
[ 2013-04-12T08:55:19+08:00 ] /jiasp2/Expert | INFO: Run LocationTemplate Behavior [ RunTime:0.000662s ]
[ 2013-04-12T08:55:19+08:00 ] /jiasp2/Expert | INFO: Tag[ view_template ] --END-- [ RunTime:0.000735s ]
[ 2013-04-12T08:55:19+08:00 ] /jiasp2/Expert | INFO: Tag[ view_parse ] --START--
[ 2013-04-12T08:55:19+08:00 ] /jiasp2/Expert | INFO: Run ParseTemplate Behavior [ RunTime:0.006796s ]
[ 2013-04-12T08:55:19+08:00 ] /jiasp2/Expert | INFO: Tag[ view_parse ] --END-- [ RunTime:0.006884s ]
[ 2013-04-12T08:55:19+08:00 ] /jiasp2/Expert | INFO: Tag[ view_filter ] --START--
[ 2013-04-12T08:55:19+08:00 ] /jiasp2/Expert | INFO: Run ContentReplace Behavior [ RunTime:0.000447s ]
[ 2013-04-12T08:55:19+08:00 ] /jiasp2/Expert | INFO: Run TokenBuild Behavior [ RunTime:0.000498s ]
[ 2013-04-12T08:55:19+08:00 ] /jiasp2/Expert | INFO: Run WriteHtmlCache Behavior [ RunTime:0.000304s ]
[ 2013-04-12T08:55:19+08:00 ] /jiasp2/Expert | INFO: Run ShowRuntime Behavior [ RunTime:0.000700s ]
[ 2013-04-12T08:55:19+08:00 ] /jiasp2/Expert | INFO: Tag[ view_filter ] --END-- [ RunTime:0.002195s ]
[ 2013-04-12T08:55:19+08:00 ] /jiasp2/Expert | INFO: Tag[ view_template ] --START--
[ 2013-04-12T08:55:19+08:00 ] /jiasp2/Expert | INFO: Run LocationTemplate Behavior [ RunTime:0.000322s ]
[ 2013-04-12T08:55:19+08:00 ] /jiasp2/Expert | INFO: Tag[ view_template ] --END-- [ RunTime:-0.009353s ]
[ 2013-04-12T08:55:19+08:00 ] /jiasp2/Expert | INFO: Tag[ view_parse ] --START--
[ 2013-04-12T08:55:19+08:00 ] /jiasp2/Expert | NOTIC: [8] Undefined variable: foot 7fe8aa8c2147ba4056c8c2c8362e6b6b.php 第 71 行.
[ 2013-04-12T08:55:19+08:00 ] /jiasp2/Expert | INFO: Run ParseTemplate Behavior [ RunTime:0.003269s ]
[ 2013-04-12T08:55:19+08:00 ] /jiasp2/Expert | INFO: Tag[ view_parse ] --END-- [ RunTime:-0.002829s ]
[ 2013-04-12T08:55:19+08:00 ] /jiasp2/Expert | INFO: Tag[ view_filter ] --START--
[ 2013-04-12T08:55:19+08:00 ] /jiasp2/Expert | INFO: Run ContentReplace Behavior [ RunTime:0.000121s ]
[ 2013-04-12T08:55:19+08:00 ] /jiasp2/Expert | INFO: Run TokenBuild Behavior [ RunTime:0.000148s ]
[ 2013-04-12T08:55:19+08:00 ] /jiasp2/Expert | INFO: Run WriteHtmlCache Behavior [ RunTime:0.000019s ]
[ 2013-04-12T08:55:19+08:00 ] /jiasp2/Expert | INFO: Run ShowRuntime Behavior [ RunTime:0.000136s ]
[ 2013-04-12T08:55:19+08:00 ] /jiasp2/Expert | INFO: Tag[ view_filter ] --END-- [ RunTime:-0.003973s ]
[ 2013-04-12T08:55:19+08:00 ] /jiasp2/Expert | INFO: Tag[ view_end ] --START--
[ 2013-04-12T08:55:19+08:00 ] /jiasp2/Expert | INFO: Run ShowPageTrace Behavior [ RunTime:0.000523s ]
[ 2013-04-12T08:55:19+08:00 ] /jiasp2/Expert | INFO: Tag[ view_end ] --END-- [ RunTime:0.000592s ]
[ 2013-04-12T09:02:07+08:00 ] /jiasp2/Expert | INFO: Tag[ route_check ] --START--
[ 2013-04-12T09:02:07+08:00 ] /jiasp2/Expert | INFO: Run CheckRoute Behavior [ RunTime:0.000838s ]
[ 2013-04-12T09:02:07+08:00 ] /jiasp2/Expert | INFO: Tag[ route_check ] --END-- [ RunTime:0.000934s ]
[ 2013-04-12T09:02:07+08:00 ] /jiasp2/Expert | INFO: Tag[ app_begin ] --START--
[ 2013-04-12T09:02:07+08:00 ] /jiasp2/Expert | INFO: Run ReadHtmlCache Behavior [ RunTime:0.000565s ]
[ 2013-04-12T09:02:07+08:00 ] /jiasp2/Expert | INFO: Tag[ app_begin ] --END-- [ RunTime:0.000653s ]
[ 2013-04-12T09:02:07+08:00 ] /jiasp2/Expert | INFO: Tag[ view_template ] --START--
[ 2013-04-12T09:02:07+08:00 ] /jiasp2/Expert | INFO: Run LocationTemplate Behavior [ RunTime:0.000705s ]
[ 2013-04-12T09:02:07+08:00 ] /jiasp2/Expert | INFO: Tag[ view_template ] --END-- [ RunTime:0.000788s ]
[ 2013-04-12T09:02:07+08:00 ] /jiasp2/Expert | INFO: Tag[ view_parse ] --START--
[ 2013-04-12T09:02:07+08:00 ] /jiasp2/Expert | INFO: Run ParseTemplate Behavior [ RunTime:0.006535s ]
[ 2013-04-12T09:02:07+08:00 ] /jiasp2/Expert | INFO: Tag[ view_parse ] --END-- [ RunTime:0.006619s ]
[ 2013-04-12T09:02:07+08:00 ] /jiasp2/Expert | INFO: Tag[ view_filter ] --START--
[ 2013-04-12T09:02:07+08:00 ] /jiasp2/Expert | INFO: Run ContentReplace Behavior [ RunTime:0.000431s ]
[ 2013-04-12T09:02:07+08:00 ] /jiasp2/Expert | INFO: Run TokenBuild Behavior [ RunTime:0.000479s ]
[ 2013-04-12T09:02:07+08:00 ] /jiasp2/Expert | INFO: Run WriteHtmlCache Behavior [ RunTime:0.000299s ]
[ 2013-04-12T09:02:07+08:00 ] /jiasp2/Expert | INFO: Run ShowRuntime Behavior [ RunTime:0.000578s ]
[ 2013-04-12T09:02:07+08:00 ] /jiasp2/Expert | INFO: Tag[ view_filter ] --END-- [ RunTime:0.001988s ]
[ 2013-04-12T09:02:07+08:00 ] /jiasp2/Expert | INFO: Tag[ view_template ] --START--
[ 2013-04-12T09:02:07+08:00 ] /jiasp2/Expert | INFO: Run LocationTemplate Behavior [ RunTime:0.000261s ]
[ 2013-04-12T09:02:07+08:00 ] /jiasp2/Expert | INFO: Tag[ view_template ] --END-- [ RunTime:-0.008840s ]
[ 2013-04-12T09:02:07+08:00 ] /jiasp2/Expert | INFO: Tag[ view_parse ] --START--
[ 2013-04-12T09:02:07+08:00 ] /jiasp2/Expert | NOTIC: [8] Undefined variable: foot 7fe8aa8c2147ba4056c8c2c8362e6b6b.php 第 103 行.
[ 2013-04-12T09:02:07+08:00 ] /jiasp2/Expert | INFO: Run ParseTemplate Behavior [ RunTime:0.003703s ]
[ 2013-04-12T09:02:07+08:00 ] /jiasp2/Expert | INFO: Tag[ view_parse ] --END-- [ RunTime:-0.002548s ]
[ 2013-04-12T09:02:07+08:00 ] /jiasp2/Expert | INFO: Tag[ view_filter ] --START--
[ 2013-04-12T09:02:07+08:00 ] /jiasp2/Expert | INFO: Run ContentReplace Behavior [ RunTime:0.000129s ]
[ 2013-04-12T09:02:07+08:00 ] /jiasp2/Expert | INFO: Run TokenBuild Behavior [ RunTime:0.000157s ]
[ 2013-04-12T09:02:07+08:00 ] /jiasp2/Expert | INFO: Run WriteHtmlCache Behavior [ RunTime:0.000020s ]
[ 2013-04-12T09:02:07+08:00 ] /jiasp2/Expert | INFO: Run ShowRuntime Behavior [ RunTime:0.000136s ]
[ 2013-04-12T09:02:07+08:00 ] /jiasp2/Expert | INFO: Tag[ view_filter ] --END-- [ RunTime:-0.004328s ]
[ 2013-04-12T09:02:07+08:00 ] /jiasp2/Expert | INFO: Tag[ view_end ] --START--
[ 2013-04-12T09:02:07+08:00 ] /jiasp2/Expert | INFO: Run ShowPageTrace Behavior [ RunTime:0.000804s ]
[ 2013-04-12T09:02:07+08:00 ] /jiasp2/Expert | INFO: Tag[ view_end ] --END-- [ RunTime:0.000894s ]
[ 2013-04-12T09:10:05+08:00 ] /jiasp2/Expert | INFO: Tag[ route_check ] --START--
[ 2013-04-12T09:10:05+08:00 ] /jiasp2/Expert | INFO: Run CheckRoute Behavior [ RunTime:0.001393s ]
[ 2013-04-12T09:10:05+08:00 ] /jiasp2/Expert | INFO: Tag[ route_check ] --END-- [ RunTime:0.001551s ]
[ 2013-04-12T09:10:05+08:00 ] /jiasp2/Expert | INFO: Tag[ app_begin ] --START--
[ 2013-04-12T09:10:05+08:00 ] /jiasp2/Expert | INFO: Run ReadHtmlCache Behavior [ RunTime:0.000969s ]
[ 2013-04-12T09:10:05+08:00 ] /jiasp2/Expert | INFO: Tag[ app_begin ] --END-- [ RunTime:0.001142s ]
[ 2013-04-12T09:10:05+08:00 ] /jiasp2/Expert | INFO: Tag[ view_template ] --START--
[ 2013-04-12T09:10:05+08:00 ] /jiasp2/Expert | INFO: Run LocationTemplate Behavior [ RunTime:0.001187s ]
[ 2013-04-12T09:10:05+08:00 ] /jiasp2/Expert | INFO: Tag[ view_template ] --END-- [ RunTime:0.001319s ]
[ 2013-04-12T09:10:05+08:00 ] /jiasp2/Expert | INFO: Tag[ view_parse ] --START--
[ 2013-04-12T09:10:05+08:00 ] /jiasp2/Expert | INFO: Run ParseTemplate Behavior [ RunTime:0.009714s ]
[ 2013-04-12T09:10:05+08:00 ] /jiasp2/Expert | INFO: Tag[ view_parse ] --END-- [ RunTime:0.009816s ]
[ 2013-04-12T09:10:05+08:00 ] /jiasp2/Expert | INFO: Tag[ view_filter ] --START--
[ 2013-04-12T09:10:05+08:00 ] /jiasp2/Expert | INFO: Run ContentReplace Behavior [ RunTime:0.000419s ]
[ 2013-04-12T09:10:05+08:00 ] /jiasp2/Expert | INFO: Run TokenBuild Behavior [ RunTime:0.000525s ]
[ 2013-04-12T09:10:05+08:00 ] /jiasp2/Expert | INFO: Run WriteHtmlCache Behavior [ RunTime:0.000300s ]
[ 2013-04-12T09:10:05+08:00 ] /jiasp2/Expert | INFO: Run ShowRuntime Behavior [ RunTime:0.000521s ]
[ 2013-04-12T09:10:05+08:00 ] /jiasp2/Expert | INFO: Tag[ view_filter ] --END-- [ RunTime:0.001952s ]
[ 2013-04-12T09:10:05+08:00 ] /jiasp2/Expert | INFO: Tag[ view_template ] --START--
[ 2013-04-12T09:10:05+08:00 ] /jiasp2/Expert | INFO: Run LocationTemplate Behavior [ RunTime:0.000208s ]
[ 2013-04-12T09:10:05+08:00 ] /jiasp2/Expert | INFO: Tag[ view_template ] --END-- [ RunTime:-0.012045s ]
[ 2013-04-12T09:10:05+08:00 ] /jiasp2/Expert | INFO: Tag[ view_parse ] --START--
[ 2013-04-12T09:10:05+08:00 ] /jiasp2/Expert | NOTIC: [8] Undefined variable: foot 7fe8aa8c2147ba4056c8c2c8362e6b6b.php 第 103 行.
[ 2013-04-12T09:10:05+08:00 ] /jiasp2/Expert | INFO: Run ParseTemplate Behavior [ RunTime:0.003619s ]
[ 2013-04-12T09:10:05+08:00 ] /jiasp2/Expert | INFO: Tag[ view_parse ] --END-- [ RunTime:-0.002445s ]
[ 2013-04-12T09:10:05+08:00 ] /jiasp2/Expert | INFO: Tag[ view_filter ] --START--
[ 2013-04-12T09:10:05+08:00 ] /jiasp2/Expert | INFO: Run ContentReplace Behavior [ RunTime:0.000128s ]
[ 2013-04-12T09:10:05+08:00 ] /jiasp2/Expert | INFO: Run TokenBuild Behavior [ RunTime:0.000156s ]
[ 2013-04-12T09:10:05+08:00 ] /jiasp2/Expert | INFO: Run WriteHtmlCache Behavior [ RunTime:0.000019s ]
[ 2013-04-12T09:10:05+08:00 ] /jiasp2/Expert | INFO: Run ShowRuntime Behavior [ RunTime:0.000139s ]
[ 2013-04-12T09:10:05+08:00 ] /jiasp2/Expert | INFO: Tag[ view_filter ] --END-- [ RunTime:-0.004179s ]
[ 2013-04-12T09:10:05+08:00 ] /jiasp2/Expert | INFO: Tag[ view_end ] --START--
[ 2013-04-12T09:10:05+08:00 ] /jiasp2/Expert | INFO: Run ShowPageTrace Behavior [ RunTime:0.000793s ]
[ 2013-04-12T09:10:05+08:00 ] /jiasp2/Expert | INFO: Tag[ view_end ] --END-- [ RunTime:0.001585s ]
[ 2013-04-12T09:12:33+08:00 ] /jiasp2/Expert | INFO: Tag[ route_check ] --START--
[ 2013-04-12T09:12:33+08:00 ] /jiasp2/Expert | INFO: Run CheckRoute Behavior [ RunTime:0.001618s ]
[ 2013-04-12T09:12:33+08:00 ] /jiasp2/Expert | INFO: Tag[ route_check ] --END-- [ RunTime:0.001787s ]
[ 2013-04-12T09:12:33+08:00 ] /jiasp2/Expert | INFO: Tag[ app_begin ] --START--
[ 2013-04-12T09:12:33+08:00 ] /jiasp2/Expert | INFO: Run ReadHtmlCache Behavior [ RunTime:0.000933s ]
[ 2013-04-12T09:12:33+08:00 ] /jiasp2/Expert | INFO: Tag[ app_begin ] --END-- [ RunTime:0.001057s ]
[ 2013-04-12T09:12:33+08:00 ] /jiasp2/Expert | INFO: Tag[ view_template ] --START--
[ 2013-04-12T09:12:33+08:00 ] /jiasp2/Expert | INFO: Run LocationTemplate Behavior [ RunTime:0.001157s ]
[ 2013-04-12T09:12:33+08:00 ] /jiasp2/Expert | INFO: Tag[ view_template ] --END-- [ RunTime:0.001296s ]
[ 2013-04-12T09:12:33+08:00 ] /jiasp2/Expert | INFO: Tag[ view_parse ] --START--
[ 2013-04-12T09:12:33+08:00 ] /jiasp2/Expert | INFO: Run ParseTemplate Behavior [ RunTime:0.008278s ]
[ 2013-04-12T09:12:33+08:00 ] /jiasp2/Expert | INFO: Tag[ view_parse ] --END-- [ RunTime:0.008382s ]
[ 2013-04-12T09:12:33+08:00 ] /jiasp2/Expert | INFO: Tag[ view_filter ] --START--
[ 2013-04-12T09:12:33+08:00 ] /jiasp2/Expert | INFO: Run ContentReplace Behavior [ RunTime:0.000430s ]
[ 2013-04-12T09:12:33+08:00 ] /jiasp2/Expert | INFO: Run TokenBuild Behavior [ RunTime:0.000481s ]
[ 2013-04-12T09:12:33+08:00 ] /jiasp2/Expert | INFO: Run WriteHtmlCache Behavior [ RunTime:0.000298s ]
[ 2013-04-12T09:12:33+08:00 ] /jiasp2/Expert | INFO: Run ShowRuntime Behavior [ RunTime:0.000510s ]
[ 2013-04-12T09:12:33+08:00 ] /jiasp2/Expert | INFO: Tag[ view_filter ] --END-- [ RunTime:0.001907s ]
[ 2013-04-12T09:12:33+08:00 ] /jiasp2/Expert | INFO: Tag[ view_template ] --START--
[ 2013-04-12T09:12:33+08:00 ] /jiasp2/Expert | INFO: Run LocationTemplate Behavior [ RunTime:0.000208s ]
[ 2013-04-12T09:12:33+08:00 ] /jiasp2/Expert | INFO: Tag[ view_template ] --END-- [ RunTime:-0.010566s ]
[ 2013-04-12T09:12:33+08:00 ] /jiasp2/Expert | INFO: Tag[ view_parse ] --START--
[ 2013-04-12T09:12:33+08:00 ] /jiasp2/Expert | NOTIC: [8] Undefined variable: foot 7fe8aa8c2147ba4056c8c2c8362e6b6b.php 第 103 行.
[ 2013-04-12T09:12:33+08:00 ] /jiasp2/Expert | INFO: Run ParseTemplate Behavior [ RunTime:0.003690s ]
[ 2013-04-12T09:12:33+08:00 ] /jiasp2/Expert | INFO: Tag[ view_parse ] --END-- [ RunTime:-0.002404s ]
[ 2013-04-12T09:12:33+08:00 ] /jiasp2/Expert | INFO: Tag[ view_filter ] --START--
[ 2013-04-12T09:12:33+08:00 ] /jiasp2/Expert | INFO: Run ContentReplace Behavior [ RunTime:0.000131s ]
[ 2013-04-12T09:12:33+08:00 ] /jiasp2/Expert | INFO: Run TokenBuild Behavior [ RunTime:0.000157s ]
[ 2013-04-12T09:12:33+08:00 ] /jiasp2/Expert | INFO: Run WriteHtmlCache Behavior [ RunTime:0.000018s ]
[ 2013-04-12T09:12:33+08:00 ] /jiasp2/Expert | INFO: Run ShowRuntime Behavior [ RunTime:0.000136s ]
[ 2013-04-12T09:12:33+08:00 ] /jiasp2/Expert | INFO: Tag[ view_filter ] --END-- [ RunTime:-0.004253s ]
[ 2013-04-12T09:12:33+08:00 ] /jiasp2/Expert | INFO: Tag[ view_end ] --START--
[ 2013-04-12T09:12:33+08:00 ] /jiasp2/Expert | INFO: Run ShowPageTrace Behavior [ RunTime:0.000813s ]
[ 2013-04-12T09:12:33+08:00 ] /jiasp2/Expert | INFO: Tag[ view_end ] --END-- [ RunTime:0.000954s ]
[ 2013-04-12T09:17:18+08:00 ] /jiasp2/Expert | INFO: Tag[ route_check ] --START--
[ 2013-04-12T09:17:18+08:00 ] /jiasp2/Expert | INFO: Run CheckRoute Behavior [ RunTime:0.001628s ]
[ 2013-04-12T09:17:18+08:00 ] /jiasp2/Expert | INFO: Tag[ route_check ] --END-- [ RunTime:0.001796s ]
[ 2013-04-12T09:17:18+08:00 ] /jiasp2/Expert | INFO: Tag[ app_begin ] --START--
[ 2013-04-12T09:17:18+08:00 ] /jiasp2/Expert | INFO: Run ReadHtmlCache Behavior [ RunTime:0.001059s ]
[ 2013-04-12T09:17:18+08:00 ] /jiasp2/Expert | INFO: Tag[ app_begin ] --END-- [ RunTime:0.001180s ]
[ 2013-04-12T09:17:18+08:00 ] /jiasp2/Expert | INFO: Tag[ view_template ] --START--
[ 2013-04-12T09:17:18+08:00 ] /jiasp2/Expert | INFO: Run LocationTemplate Behavior [ RunTime:0.001096s ]
[ 2013-04-12T09:17:18+08:00 ] /jiasp2/Expert | INFO: Tag[ view_template ] --END-- [ RunTime:0.001223s ]
[ 2013-04-12T09:17:18+08:00 ] /jiasp2/Expert | INFO: Tag[ view_parse ] --START--
[ 2013-04-12T09:17:18+08:00 ] /jiasp2/Expert | INFO: Run ParseTemplate Behavior [ RunTime:0.007787s ]
[ 2013-04-12T09:17:18+08:00 ] /jiasp2/Expert | INFO: Tag[ view_parse ] --END-- [ RunTime:0.007891s ]
[ 2013-04-12T09:17:18+08:00 ] /jiasp2/Expert | INFO: Tag[ view_filter ] --START--
[ 2013-04-12T09:17:18+08:00 ] /jiasp2/Expert | INFO: Run ContentReplace Behavior [ RunTime:0.000492s ]
[ 2013-04-12T09:17:18+08:00 ] /jiasp2/Expert | INFO: Run TokenBuild Behavior [ RunTime:0.000502s ]
[ 2013-04-12T09:17:18+08:00 ] /jiasp2/Expert | INFO: Run WriteHtmlCache Behavior [ RunTime:0.000310s ]
[ 2013-04-12T09:17:18+08:00 ] /jiasp2/Expert | INFO: Run ShowRuntime Behavior [ RunTime:0.000521s ]
[ 2013-04-12T09:17:18+08:00 ] /jiasp2/Expert | INFO: Tag[ view_filter ] --END-- [ RunTime:0.002042s ]
[ 2013-04-12T09:17:18+08:00 ] /jiasp2/Expert | INFO: Tag[ view_template ] --START--
[ 2013-04-12T09:17:18+08:00 ] /jiasp2/Expert | INFO: Run LocationTemplate Behavior [ RunTime:0.000213s ]
[ 2013-04-12T09:17:18+08:00 ] /jiasp2/Expert | INFO: Tag[ view_template ] --END-- [ RunTime:-0.010235s ]
[ 2013-04-12T09:17:18+08:00 ] /jiasp2/Expert | INFO: Tag[ view_parse ] --START--
[ 2013-04-12T09:17:18+08:00 ] /jiasp2/Expert | NOTIC: [8] Undefined variable: foot 7fe8aa8c2147ba4056c8c2c8362e6b6b.php 第 105 行.
[ 2013-04-12T09:17:18+08:00 ] /jiasp2/Expert | INFO: Run ParseTemplate Behavior [ RunTime:0.003625s ]
[ 2013-04-12T09:17:18+08:00 ] /jiasp2/Expert | INFO: Tag[ view_parse ] --END-- [ RunTime:-0.002566s ]
[ 2013-04-12T09:17:18+08:00 ] /jiasp2/Expert | INFO: Tag[ view_filter ] --START--
[ 2013-04-12T09:17:18+08:00 ] /jiasp2/Expert | INFO: Run ContentReplace Behavior [ RunTime:0.000128s ]
[ 2013-04-12T09:17:18+08:00 ] /jiasp2/Expert | INFO: Run TokenBuild Behavior [ RunTime:0.000157s ]
[ 2013-04-12T09:17:18+08:00 ] /jiasp2/Expert | INFO: Run WriteHtmlCache Behavior [ RunTime:0.000017s ]
[ 2013-04-12T09:17:18+08:00 ] /jiasp2/Expert | INFO: Run ShowRuntime Behavior [ RunTime:0.000136s ]
[ 2013-04-12T09:17:18+08:00 ] /jiasp2/Expert | INFO: Tag[ view_filter ] --END-- [ RunTime:-0.004192s ]
[ 2013-04-12T09:17:18+08:00 ] /jiasp2/Expert | INFO: Tag[ view_end ] --START--
[ 2013-04-12T09:17:18+08:00 ] /jiasp2/Expert | INFO: Run ShowPageTrace Behavior [ RunTime:0.000726s ]
[ 2013-04-12T09:17:18+08:00 ] /jiasp2/Expert | INFO: Tag[ view_end ] --END-- [ RunTime:0.000800s ]
[ 2013-04-12T09:19:39+08:00 ] /jiasp2/Expert | INFO: Tag[ route_check ] --START--
[ 2013-04-12T09:19:39+08:00 ] /jiasp2/Expert | INFO: Run CheckRoute Behavior [ RunTime:0.001317s ]
[ 2013-04-12T09:19:39+08:00 ] /jiasp2/Expert | INFO: Tag[ route_check ] --END-- [ RunTime:0.001470s ]
[ 2013-04-12T09:19:39+08:00 ] /jiasp2/Expert | INFO: Tag[ app_begin ] --START--
[ 2013-04-12T09:19:39+08:00 ] /jiasp2/Expert | INFO: Run ReadHtmlCache Behavior [ RunTime:0.000865s ]
[ 2013-04-12T09:19:39+08:00 ] /jiasp2/Expert | INFO: Tag[ app_begin ] --END-- [ RunTime:0.000974s ]
[ 2013-04-12T09:19:39+08:00 ] /jiasp2/Expert | INFO: Tag[ view_template ] --START--
[ 2013-04-12T09:19:39+08:00 ] /jiasp2/Expert | INFO: Run LocationTemplate Behavior [ RunTime:0.001020s ]
[ 2013-04-12T09:19:39+08:00 ] /jiasp2/Expert | INFO: Tag[ view_template ] --END-- [ RunTime:0.001136s ]
[ 2013-04-12T09:19:39+08:00 ] /jiasp2/Expert | INFO: Tag[ view_parse ] --START--
[ 2013-04-12T09:19:39+08:00 ] /jiasp2/Expert | INFO: Run ParseTemplate Behavior [ RunTime:0.008109s ]
[ 2013-04-12T09:19:39+08:00 ] /jiasp2/Expert | INFO: Tag[ view_parse ] --END-- [ RunTime:0.008207s ]
[ 2013-04-12T09:19:39+08:00 ] /jiasp2/Expert | INFO: Tag[ view_filter ] --START--
[ 2013-04-12T09:19:39+08:00 ] /jiasp2/Expert | INFO: Run ContentReplace Behavior [ RunTime:0.000520s ]
[ 2013-04-12T09:19:39+08:00 ] /jiasp2/Expert | INFO: Run TokenBuild Behavior [ RunTime:0.000498s ]
[ 2013-04-12T09:19:39+08:00 ] /jiasp2/Expert | INFO: Run WriteHtmlCache Behavior [ RunTime:0.000308s ]
[ 2013-04-12T09:19:39+08:00 ] /jiasp2/Expert | INFO: Run ShowRuntime Behavior [ RunTime:0.000518s ]
[ 2013-04-12T09:19:39+08:00 ] /jiasp2/Expert | INFO: Tag[ view_filter ] --END-- [ RunTime:0.002036s ]
[ 2013-04-12T09:19:39+08:00 ] /jiasp2/Expert | INFO: Tag[ view_template ] --START--
[ 2013-04-12T09:19:39+08:00 ] /jiasp2/Expert | INFO: Run LocationTemplate Behavior [ RunTime:0.000217s ]
[ 2013-04-12T09:19:39+08:00 ] /jiasp2/Expert | INFO: Tag[ view_template ] --END-- [ RunTime:-0.010517s ]
[ 2013-04-12T09:19:39+08:00 ] /jiasp2/Expert | INFO: Tag[ view_parse ] --START--
[ 2013-04-12T09:19:39+08:00 ] /jiasp2/Expert | NOTIC: [8] Undefined variable: foot 7fe8aa8c2147ba4056c8c2c8362e6b6b.php 第 111 行.
[ 2013-04-12T09:19:39+08:00 ] /jiasp2/Expert | INFO: Run ParseTemplate Behavior [ RunTime:0.003854s ]
[ 2013-04-12T09:19:39+08:00 ] /jiasp2/Expert | INFO: Tag[ view_parse ] --END-- [ RunTime:-0.002554s ]
[ 2013-04-12T09:19:39+08:00 ] /jiasp2/Expert | INFO: Tag[ view_filter ] --START--
[ 2013-04-12T09:19:39+08:00 ] /jiasp2/Expert | INFO: Run ContentReplace Behavior [ RunTime:0.000131s ]
[ 2013-04-12T09:19:39+08:00 ] /jiasp2/Expert | INFO: Run TokenBuild Behavior [ RunTime:0.000157s ]
[ 2013-04-12T09:19:39+08:00 ] /jiasp2/Expert | INFO: Run WriteHtmlCache Behavior [ RunTime:0.000018s ]
[ 2013-04-12T09:19:39+08:00 ] /jiasp2/Expert | INFO: Run ShowRuntime Behavior [ RunTime:0.000138s ]
[ 2013-04-12T09:19:39+08:00 ] /jiasp2/Expert | INFO: Tag[ view_filter ] --END-- [ RunTime:-0.004439s ]
[ 2013-04-12T09:19:39+08:00 ] /jiasp2/Expert | INFO: Tag[ view_end ] --START--
[ 2013-04-12T09:19:39+08:00 ] /jiasp2/Expert | INFO: Run ShowPageTrace Behavior [ RunTime:0.000747s ]
[ 2013-04-12T09:19:39+08:00 ] /jiasp2/Expert | INFO: Tag[ view_end ] --END-- [ RunTime:0.000851s ]
[ 2013-04-12T09:26:40+08:00 ] /jiasp2/Expert | INFO: Tag[ route_check ] --START--
[ 2013-04-12T09:26:40+08:00 ] /jiasp2/Expert | INFO: Run CheckRoute Behavior [ RunTime:0.001438s ]
[ 2013-04-12T09:26:40+08:00 ] /jiasp2/Expert | INFO: Tag[ route_check ] --END-- [ RunTime:0.001598s ]
[ 2013-04-12T09:26:40+08:00 ] /jiasp2/Expert | INFO: Tag[ app_begin ] --START--
[ 2013-04-12T09:26:40+08:00 ] /jiasp2/Expert | INFO: Run ReadHtmlCache Behavior [ RunTime:0.000572s ]
[ 2013-04-12T09:26:40+08:00 ] /jiasp2/Expert | INFO: Tag[ app_begin ] --END-- [ RunTime:0.000645s ]
[ 2013-04-12T09:26:40+08:00 ] /jiasp2/Expert | INFO: Tag[ view_template ] --START--
[ 2013-04-12T09:26:40+08:00 ] /jiasp2/Expert | INFO: Run LocationTemplate Behavior [ RunTime:0.000667s ]
[ 2013-04-12T09:26:40+08:00 ] /jiasp2/Expert | INFO: Tag[ view_template ] --END-- [ RunTime:0.000743s ]
[ 2013-04-12T09:26:40+08:00 ] /jiasp2/Expert | INFO: Tag[ view_parse ] --START--
[ 2013-04-12T09:26:40+08:00 ] /jiasp2/Expert | INFO: Run ParseTemplate Behavior [ RunTime:0.006724s ]
[ 2013-04-12T09:26:40+08:00 ] /jiasp2/Expert | INFO: Tag[ view_parse ] --END-- [ RunTime:0.006810s ]
[ 2013-04-12T09:26:40+08:00 ] /jiasp2/Expert | INFO: Tag[ view_filter ] --START--
[ 2013-04-12T09:26:40+08:00 ] /jiasp2/Expert | INFO: Run ContentReplace Behavior [ RunTime:0.000490s ]
[ 2013-04-12T09:26:40+08:00 ] /jiasp2/Expert | INFO: Run TokenBuild Behavior [ RunTime:0.000557s ]
[ 2013-04-12T09:26:40+08:00 ] /jiasp2/Expert | INFO: Run WriteHtmlCache Behavior [ RunTime:0.000325s ]
[ 2013-04-12T09:26:40+08:00 ] /jiasp2/Expert | INFO: Run ShowRuntime Behavior [ RunTime:0.000543s ]
[ 2013-04-12T09:26:40+08:00 ] /jiasp2/Expert | INFO: Tag[ view_filter ] --END-- [ RunTime:0.002171s ]
[ 2013-04-12T09:26:40+08:00 ] /jiasp2/Expert | INFO: Tag[ view_template ] --START--
[ 2013-04-12T09:26:40+08:00 ] /jiasp2/Expert | INFO: Run LocationTemplate Behavior [ RunTime:0.000225s ]
[ 2013-04-12T09:26:40+08:00 ] /jiasp2/Expert | INFO: Tag[ view_template ] --END-- [ RunTime:-0.009221s ]
[ 2013-04-12T09:26:40+08:00 ] /jiasp2/Expert | INFO: Tag[ view_parse ] --START--
[ 2013-04-12T09:26:40+08:00 ] /jiasp2/Expert | NOTIC: [8] Undefined variable: foot 7fe8aa8c2147ba4056c8c2c8362e6b6b.php 第 120 行.
[ 2013-04-12T09:26:40+08:00 ] /jiasp2/Expert | INFO: Run ParseTemplate Behavior [ RunTime:0.003687s ]
[ 2013-04-12T09:26:40+08:00 ] /jiasp2/Expert | INFO: Tag[ view_parse ] --END-- [ RunTime:-0.002700s ]
[ 2013-04-12T09:26:40+08:00 ] /jiasp2/Expert | INFO: Tag[ view_filter ] --START--
[ 2013-04-12T09:26:40+08:00 ] /jiasp2/Expert | INFO: Run ContentReplace Behavior [ RunTime:0.000128s ]
[ 2013-04-12T09:26:40+08:00 ] /jiasp2/Expert | INFO: Run TokenBuild Behavior [ RunTime:0.000159s ]
[ 2013-04-12T09:26:40+08:00 ] /jiasp2/Expert | INFO: Run WriteHtmlCache Behavior [ RunTime:0.000019s ]
[ 2013-04-12T09:26:40+08:00 ] /jiasp2/Expert | INFO: Run ShowRuntime Behavior [ RunTime:0.000140s ]
[ 2013-04-12T09:26:40+08:00 ] /jiasp2/Expert | INFO: Tag[ view_filter ] --END-- [ RunTime:-0.004281s ]
[ 2013-04-12T09:26:40+08:00 ] /jiasp2/Expert | INFO: Tag[ view_end ] --START--
[ 2013-04-12T09:26:40+08:00 ] /jiasp2/Expert | INFO: Run ShowPageTrace Behavior [ RunTime:0.000828s ]
[ 2013-04-12T09:26:40+08:00 ] /jiasp2/Expert | INFO: Tag[ view_end ] --END-- [ RunTime:0.001667s ]
[ 2013-04-12T09:37:24+08:00 ] /jiasp2/Expert | INFO: Tag[ route_check ] --START--
[ 2013-04-12T09:37:24+08:00 ] /jiasp2/Expert | INFO: Run CheckRoute Behavior [ RunTime:0.001442s ]
[ 2013-04-12T09:37:24+08:00 ] /jiasp2/Expert | INFO: Tag[ route_check ] --END-- [ RunTime:0.001602s ]
[ 2013-04-12T09:37:24+08:00 ] /jiasp2/Expert | INFO: Tag[ app_begin ] --START--
[ 2013-04-12T09:37:24+08:00 ] /jiasp2/Expert | INFO: Run ReadHtmlCache Behavior [ RunTime:0.000935s ]
[ 2013-04-12T09:37:24+08:00 ] /jiasp2/Expert | INFO: Tag[ app_begin ] --END-- [ RunTime:0.001052s ]
[ 2013-04-12T09:37:24+08:00 ] /jiasp2/Expert | INFO: Tag[ view_template ] --START--
[ 2013-04-12T09:37:24+08:00 ] /jiasp2/Expert | INFO: Run LocationTemplate Behavior [ RunTime:0.000647s ]
[ 2013-04-12T09:37:24+08:00 ] /jiasp2/Expert | INFO: Tag[ view_template ] --END-- [ RunTime:0.000722s ]
[ 2013-04-12T09:37:24+08:00 ] /jiasp2/Expert | INFO: Tag[ view_parse ] --START--
[ 2013-04-12T09:37:24+08:00 ] /jiasp2/Expert | INFO: Run ParseTemplate Behavior [ RunTime:0.006431s ]
[ 2013-04-12T09:37:24+08:00 ] /jiasp2/Expert | INFO: Tag[ view_parse ] --END-- [ RunTime:0.006513s ]
[ 2013-04-12T09:37:24+08:00 ] /jiasp2/Expert | INFO: Tag[ view_filter ] --START--
[ 2013-04-12T09:37:24+08:00 ] /jiasp2/Expert | INFO: Run ContentReplace Behavior [ RunTime:0.000432s ]
[ 2013-04-12T09:37:24+08:00 ] /jiasp2/Expert | INFO: Run TokenBuild Behavior [ RunTime:0.000481s ]
[ 2013-04-12T09:37:24+08:00 ] /jiasp2/Expert | INFO: Run WriteHtmlCache Behavior [ RunTime:0.000297s ]
[ 2013-04-12T09:37:24+08:00 ] /jiasp2/Expert | INFO: Run ShowRuntime Behavior [ RunTime:0.000516s ]
[ 2013-04-12T09:37:24+08:00 ] /jiasp2/Expert | INFO: Tag[ view_filter ] --END-- [ RunTime:0.001915s ]
[ 2013-04-12T09:37:24+08:00 ] /jiasp2/Expert | INFO: Tag[ view_template ] --START--
[ 2013-04-12T09:37:24+08:00 ] /jiasp2/Expert | INFO: Run LocationTemplate Behavior [ RunTime:0.000209s ]
[ 2013-04-12T09:37:24+08:00 ] /jiasp2/Expert | INFO: Tag[ view_template ] --END-- [ RunTime:-0.008658s ]
[ 2013-04-12T09:37:24+08:00 ] /jiasp2/Expert | INFO: Tag[ view_parse ] --START--
[ 2013-04-12T09:37:24+08:00 ] /jiasp2/Expert | NOTIC: [8] Undefined variable: foot 7fe8aa8c2147ba4056c8c2c8362e6b6b.php 第 181 行.
[ 2013-04-12T09:37:24+08:00 ] /jiasp2/Expert | INFO: Run ParseTemplate Behavior [ RunTime:0.004483s ]
[ 2013-04-12T09:37:24+08:00 ] /jiasp2/Expert | INFO: Tag[ view_parse ] --END-- [ RunTime:-0.002413s ]
[ 2013-04-12T09:37:24+08:00 ] /jiasp2/Expert | INFO: Tag[ view_filter ] --START--
[ 2013-04-12T09:37:24+08:00 ] /jiasp2/Expert | INFO: Run ContentReplace Behavior [ RunTime:0.000140s ]
[ 2013-04-12T09:37:24+08:00 ] /jiasp2/Expert | INFO: Run TokenBuild Behavior [ RunTime:0.000162s ]
[ 2013-04-12T09:37:24+08:00 ] /jiasp2/Expert | INFO: Run WriteHtmlCache Behavior [ RunTime:0.000018s ]
[ 2013-04-12T09:37:24+08:00 ] /jiasp2/Expert | INFO: Run ShowRuntime Behavior [ RunTime:0.000139s ]
[ 2013-04-12T09:37:24+08:00 ] /jiasp2/Expert | INFO: Tag[ view_filter ] --END-- [ RunTime:-0.005051s ]
[ 2013-04-12T09:37:24+08:00 ] /jiasp2/Expert | INFO: Tag[ view_end ] --START--
[ 2013-04-12T09:37:24+08:00 ] /jiasp2/Expert | INFO: Run ShowPageTrace Behavior [ RunTime:0.000763s ]
[ 2013-04-12T09:37:24+08:00 ] /jiasp2/Expert | INFO: Tag[ view_end ] --END-- [ RunTime:0.001588s ]
[ 2013-04-12T09:37:24+08:00 ] /jiasp2/Public/pic/tabbedPanelHeader.png | ERR: (ThinkException) 无法加载模块Public
[ 2013-04-12T09:39:24+08:00 ] /jiasp2/Expert | INFO: Tag[ route_check ] --START--
[ 2013-04-12T09:39:24+08:00 ] /jiasp2/Expert | INFO: Run CheckRoute Behavior [ RunTime:0.001661s ]
[ 2013-04-12T09:39:24+08:00 ] /jiasp2/Expert | INFO: Tag[ route_check ] --END-- [ RunTime:0.001881s ]
[ 2013-04-12T09:39:24+08:00 ] /jiasp2/Expert | INFO: Tag[ app_begin ] --START--
[ 2013-04-12T09:39:24+08:00 ] /jiasp2/Expert | INFO: Run ReadHtmlCache Behavior [ RunTime:0.000982s ]
[ 2013-04-12T09:39:24+08:00 ] /jiasp2/Expert | INFO: Tag[ app_begin ] --END-- [ RunTime:0.001092s ]
[ 2013-04-12T09:39:24+08:00 ] /jiasp2/Expert | INFO: Tag[ view_template ] --START--
[ 2013-04-12T09:39:24+08:00 ] /jiasp2/Expert | INFO: Run LocationTemplate Behavior [ RunTime:0.001093s ]
[ 2013-04-12T09:39:24+08:00 ] /jiasp2/Expert | INFO: Tag[ view_template ] --END-- [ RunTime:0.001214s ]
[ 2013-04-12T09:39:24+08:00 ] /jiasp2/Expert | INFO: Tag[ view_parse ] --START--
[ 2013-04-12T09:39:24+08:00 ] /jiasp2/Expert | INFO: Run ParseTemplate Behavior [ RunTime:0.010809s ]
[ 2013-04-12T09:39:24+08:00 ] /jiasp2/Expert | INFO: Tag[ view_parse ] --END-- [ RunTime:0.010944s ]
[ 2013-04-12T09:39:24+08:00 ] /jiasp2/Expert | INFO: Tag[ view_filter ] --START--
[ 2013-04-12T09:39:24+08:00 ] /jiasp2/Expert | INFO: Run ContentReplace Behavior [ RunTime:0.001273s ]
[ 2013-04-12T09:39:24+08:00 ] /jiasp2/Expert | INFO: Run TokenBuild Behavior [ RunTime:0.000878s ]
[ 2013-04-12T09:39:24+08:00 ] /jiasp2/Expert | INFO: Run WriteHtmlCache Behavior [ RunTime:0.000580s ]
[ 2013-04-12T09:39:24+08:00 ] /jiasp2/Expert | INFO: Run ShowRuntime Behavior [ RunTime:0.000866s ]
[ 2013-04-12T09:39:24+08:00 ] /jiasp2/Expert | INFO: Tag[ view_filter ] --END-- [ RunTime:0.003924s ]
[ 2013-04-12T09:39:24+08:00 ] /jiasp2/Expert | INFO: Tag[ view_template ] --START--
[ 2013-04-12T09:39:24+08:00 ] /jiasp2/Expert | INFO: Run LocationTemplate Behavior [ RunTime:0.000437s ]
[ 2013-04-12T09:39:24+08:00 ] /jiasp2/Expert | INFO: Tag[ view_template ] --END-- [ RunTime:-0.015246s ]
[ 2013-04-12T09:39:24+08:00 ] /jiasp2/Expert | INFO: Tag[ view_parse ] --START--
[ 2013-04-12T09:39:24+08:00 ] /jiasp2/Expert | NOTIC: [8] Undefined variable: foot 7fe8aa8c2147ba4056c8c2c8362e6b6b.php 第 166 行.
[ 2013-04-12T09:39:24+08:00 ] /jiasp2/Expert | INFO: Run ParseTemplate Behavior [ RunTime:0.004718s ]
[ 2013-04-12T09:39:24+08:00 ] /jiasp2/Expert | INFO: Tag[ view_parse ] --END-- [ RunTime:-0.004860s ]
[ 2013-04-12T09:39:24+08:00 ] /jiasp2/Expert | INFO: Tag[ view_filter ] --START--
[ 2013-04-12T09:39:24+08:00 ] /jiasp2/Expert | INFO: Run ContentReplace Behavior [ RunTime:0.000133s ]
[ 2013-04-12T09:39:24+08:00 ] /jiasp2/Expert | INFO: Run TokenBuild Behavior [ RunTime:0.000160s ]
[ 2013-04-12T09:39:24+08:00 ] /jiasp2/Expert | INFO: Run WriteHtmlCache Behavior [ RunTime:0.000018s ]
[ 2013-04-12T09:39:24+08:00 ] /jiasp2/Expert | INFO: Run ShowRuntime Behavior [ RunTime:0.000140s ]
[ 2013-04-12T09:39:24+08:00 ] /jiasp2/Expert | INFO: Tag[ view_filter ] --END-- [ RunTime:-0.005697s ]
[ 2013-04-12T09:39:24+08:00 ] /jiasp2/Expert | INFO: Tag[ view_end ] --START--
[ 2013-04-12T09:39:24+08:00 ] /jiasp2/Expert | INFO: Run ShowPageTrace Behavior [ RunTime:0.000769s ]
[ 2013-04-12T09:39:24+08:00 ] /jiasp2/Expert | INFO: Tag[ view_end ] --END-- [ RunTime:0.001638s ]
[ 2013-04-12T09:41:46+08:00 ] /jiasp2/Expert | INFO: Tag[ route_check ] --START--
[ 2013-04-12T09:41:46+08:00 ] /jiasp2/Expert | INFO: Run CheckRoute Behavior [ RunTime:0.001397s ]
[ 2013-04-12T09:41:46+08:00 ] /jiasp2/Expert | INFO: Tag[ route_check ] --END-- [ RunTime:0.001548s ]
[ 2013-04-12T09:41:46+08:00 ] /jiasp2/Expert | INFO: Tag[ app_begin ] --START--
[ 2013-04-12T09:41:46+08:00 ] /jiasp2/Expert | INFO: Run ReadHtmlCache Behavior [ RunTime:0.000922s ]
[ 2013-04-12T09:41:46+08:00 ] /jiasp2/Expert | INFO: Tag[ app_begin ] --END-- [ RunTime:0.001032s ]
[ 2013-04-12T09:41:46+08:00 ] /jiasp2/Expert | INFO: Tag[ view_template ] --START--
[ 2013-04-12T09:41:46+08:00 ] /jiasp2/Expert | INFO: Run LocationTemplate Behavior [ RunTime:0.001087s ]
[ 2013-04-12T09:41:46+08:00 ] /jiasp2/Expert | INFO: Tag[ view_template ] --END-- [ RunTime:0.001207s ]
[ 2013-04-12T09:41:46+08:00 ] /jiasp2/Expert | INFO: Tag[ view_parse ] --START--
[ 2013-04-12T09:41:46+08:00 ] /jiasp2/Expert | INFO: Run ParseTemplate Behavior [ RunTime:0.009864s ]
[ 2013-04-12T09:41:46+08:00 ] /jiasp2/Expert | INFO: Tag[ view_parse ] --END-- [ RunTime:0.009961s ]
[ 2013-04-12T09:41:46+08:00 ] /jiasp2/Expert | INFO: Tag[ view_filter ] --START--
[ 2013-04-12T09:41:46+08:00 ] /jiasp2/Expert | INFO: Run ContentReplace Behavior [ RunTime:0.000421s ]
[ 2013-04-12T09:41:46+08:00 ] /jiasp2/Expert | INFO: Run TokenBuild Behavior [ RunTime:0.000475s ]
[ 2013-04-12T09:41:46+08:00 ] /jiasp2/Expert | INFO: Run WriteHtmlCache Behavior [ RunTime:0.000297s ]
[ 2013-04-12T09:41:46+08:00 ] /jiasp2/Expert | INFO: Run ShowRuntime Behavior [ RunTime:0.000513s ]
[ 2013-04-12T09:41:46+08:00 ] /jiasp2/Expert | INFO: Tag[ view_filter ] --END-- [ RunTime:0.001892s ]
[ 2013-04-12T09:41:46+08:00 ] /jiasp2/Expert | INFO: Tag[ view_template ] --START--
[ 2013-04-12T09:41:46+08:00 ] /jiasp2/Expert | INFO: Run LocationTemplate Behavior [ RunTime:0.000209s ]
[ 2013-04-12T09:41:46+08:00 ] /jiasp2/Expert | INFO: Tag[ view_template ] --END-- [ RunTime:-0.012126s ]
[ 2013-04-12T09:41:46+08:00 ] /jiasp2/Expert | INFO: Tag[ view_parse ] --START--
[ 2013-04-12T09:41:46+08:00 ] /jiasp2/Expert | NOTIC: [8] Undefined variable: foot 7fe8aa8c2147ba4056c8c2c8362e6b6b.php 第 165 行.
[ 2013-04-12T09:41:46+08:00 ] /jiasp2/Expert | INFO: Run ParseTemplate Behavior [ RunTime:0.004149s ]
[ 2013-04-12T09:41:46+08:00 ] /jiasp2/Expert | INFO: Tag[ view_parse ] --END-- [ RunTime:-0.002385s ]
[ 2013-04-12T09:41:46+08:00 ] /jiasp2/Expert | INFO: Tag[ view_filter ] --START--
[ 2013-04-12T09:41:46+08:00 ] /jiasp2/Expert | INFO: Run ContentReplace Behavior [ RunTime:0.000135s ]
[ 2013-04-12T09:41:46+08:00 ] /jiasp2/Expert | INFO: Run TokenBuild Behavior [ RunTime:0.000160s ]
[ 2013-04-12T09:41:46+08:00 ] /jiasp2/Expert | INFO: Run WriteHtmlCache Behavior [ RunTime:0.000018s ]
[ 2013-04-12T09:41:46+08:00 ] /jiasp2/Expert | INFO: Run ShowRuntime Behavior [ RunTime:0.000137s ]
[ 2013-04-12T09:41:46+08:00 ] /jiasp2/Expert | INFO: Tag[ view_filter ] --END-- [ RunTime:-0.004705s ]
[ 2013-04-12T09:41:46+08:00 ] /jiasp2/Expert | INFO: Tag[ view_end ] --START--
[ 2013-04-12T09:41:46+08:00 ] /jiasp2/Expert | INFO: Run ShowPageTrace Behavior [ RunTime:0.000756s ]
[ 2013-04-12T09:41:46+08:00 ] /jiasp2/Expert | INFO: Tag[ view_end ] --END-- [ RunTime:0.000831s ]
[ 2013-04-12T09:46:13+08:00 ] /jiasp2/Expert | INFO: Tag[ route_check ] --START--
[ 2013-04-12T09:46:13+08:00 ] /jiasp2/Expert | INFO: Run CheckRoute Behavior [ RunTime:0.001405s ]
[ 2013-04-12T09:46:13+08:00 ] /jiasp2/Expert | INFO: Tag[ route_check ] --END-- [ RunTime:0.001559s ]
[ 2013-04-12T09:46:13+08:00 ] /jiasp2/Expert | INFO: Tag[ app_begin ] --START--
[ 2013-04-12T09:46:13+08:00 ] /jiasp2/Expert | INFO: Run ReadHtmlCache Behavior [ RunTime:0.000932s ]
[ 2013-04-12T09:46:13+08:00 ] /jiasp2/Expert | INFO: Tag[ app_begin ] --END-- [ RunTime:0.001044s ]
[ 2013-04-12T09:46:13+08:00 ] /jiasp2/Expert | INFO: Tag[ view_template ] --START--
[ 2013-04-12T09:46:13+08:00 ] /jiasp2/Expert | INFO: Run LocationTemplate Behavior [ RunTime:0.001102s ]
[ 2013-04-12T09:46:13+08:00 ] /jiasp2/Expert | INFO: Tag[ view_template ] --END-- [ RunTime:0.001228s ]
[ 2013-04-12T09:46:13+08:00 ] /jiasp2/Expert | INFO: Tag[ view_parse ] --START--
[ 2013-04-12T09:46:13+08:00 ] /jiasp2/Expert | INFO: Run ParseTemplate Behavior [ RunTime:0.010820s ]
[ 2013-04-12T09:46:13+08:00 ] /jiasp2/Expert | INFO: Tag[ view_parse ] --END-- [ RunTime:0.010951s ]
[ 2013-04-12T09:46:13+08:00 ] /jiasp2/Expert | INFO: Tag[ view_filter ] --START--
[ 2013-04-12T09:46:13+08:00 ] /jiasp2/Expert | INFO: Run ContentReplace Behavior [ RunTime:0.000723s ]
[ 2013-04-12T09:46:13+08:00 ] /jiasp2/Expert | INFO: Run TokenBuild Behavior [ RunTime:0.000851s ]
[ 2013-04-12T09:46:13+08:00 ] /jiasp2/Expert | INFO: Run WriteHtmlCache Behavior [ RunTime:0.000642s ]
[ 2013-04-12T09:46:13+08:00 ] /jiasp2/Expert | INFO: Run ShowRuntime Behavior [ RunTime:0.000907s ]
[ 2013-04-12T09:46:13+08:00 ] /jiasp2/Expert | INFO: Tag[ view_filter ] --END-- [ RunTime:0.003458s ]
[ 2013-04-12T09:46:13+08:00 ] /jiasp2/Expert | INFO: Tag[ view_template ] --START--
[ 2013-04-12T09:46:13+08:00 ] /jiasp2/Expert | INFO: Run LocationTemplate Behavior [ RunTime:0.000356s ]
[ 2013-04-12T09:46:13+08:00 ] /jiasp2/Expert | INFO: Tag[ view_template ] --END-- [ RunTime:-0.014786s ]
[ 2013-04-12T09:46:13+08:00 ] /jiasp2/Expert | INFO: Tag[ view_parse ] --START--
[ 2013-04-12T09:46:13+08:00 ] /jiasp2/Expert | NOTIC: [8] Undefined variable: foot 7fe8aa8c2147ba4056c8c2c8362e6b6b.php 第 165 行.
[ 2013-04-12T09:46:13+08:00 ] /jiasp2/Expert | INFO: Run ParseTemplate Behavior [ RunTime:0.006446s ]
[ 2013-04-12T09:46:13+08:00 ] /jiasp2/Expert | INFO: Tag[ view_parse ] --END-- [ RunTime:-0.004291s ]
[ 2013-04-12T09:46:13+08:00 ] /jiasp2/Expert | INFO: Tag[ view_filter ] --START--
[ 2013-04-12T09:46:13+08:00 ] /jiasp2/Expert | INFO: Run ContentReplace Behavior [ RunTime:0.000138s ]
[ 2013-04-12T09:46:13+08:00 ] /jiasp2/Expert | INFO: Run TokenBuild Behavior [ RunTime:0.000160s ]
[ 2013-04-12T09:46:13+08:00 ] /jiasp2/Expert | INFO: Run WriteHtmlCache Behavior [ RunTime:0.000018s ]
[ 2013-04-12T09:46:13+08:00 ] /jiasp2/Expert | INFO: Run ShowRuntime Behavior [ RunTime:0.000137s ]
[ 2013-04-12T09:46:13+08:00 ] /jiasp2/Expert | INFO: Tag[ view_filter ] --END-- [ RunTime:-0.007325s ]
[ 2013-04-12T09:46:13+08:00 ] /jiasp2/Expert | INFO: Tag[ view_end ] --START--
[ 2013-04-12T09:46:13+08:00 ] /jiasp2/Expert | INFO: Run ShowPageTrace Behavior [ RunTime:0.001367s ]
[ 2013-04-12T09:46:13+08:00 ] /jiasp2/Expert | INFO: Tag[ view_end ] --END-- [ RunTime:0.001459s ]
[ 2013-04-12T10:42:03+08:00 ] /jiasp2/ | INFO: Tag[ app_begin ] --START--
[ 2013-04-12T10:42:03+08:00 ] /jiasp2/ | INFO: Run ReadHtmlCache Behavior [ RunTime:0.001209s ]
[ 2013-04-12T10:42:03+08:00 ] /jiasp2/ | INFO: Tag[ app_begin ] --END-- [ RunTime:0.001363s ]
[ 2013-04-12T10:42:03+08:00 ] /jiasp2/ | INFO: Tag[ view_template ] --START--
[ 2013-04-12T10:42:03+08:00 ] /jiasp2/ | INFO: Run LocationTemplate Behavior [ RunTime:0.001088s ]
[ 2013-04-12T10:42:03+08:00 ] /jiasp2/ | INFO: Tag[ view_template ] --END-- [ RunTime:0.001216s ]
[ 2013-04-12T10:42:03+08:00 ] /jiasp2/ | INFO: Tag[ view_parse ] --START--
[ 2013-04-12T10:42:03+08:00 ] /jiasp2/ | INFO: Run ParseTemplate Behavior [ RunTime:0.010724s ]
[ 2013-04-12T10:42:03+08:00 ] /jiasp2/ | INFO: Tag[ view_parse ] --END-- [ RunTime:0.010852s ]
[ 2013-04-12T10:42:03+08:00 ] /jiasp2/ | INFO: Tag[ view_filter ] --START--
[ 2013-04-12T10:42:03+08:00 ] /jiasp2/ | INFO: Run ContentReplace Behavior [ RunTime:0.000792s ]
[ 2013-04-12T10:42:03+08:00 ] /jiasp2/ | INFO: Run TokenBuild Behavior [ RunTime:0.000899s ]
[ 2013-04-12T10:42:03+08:00 ] /jiasp2/ | INFO: Run WriteHtmlCache Behavior [ RunTime:0.000502s ]
[ 2013-04-12T10:42:03+08:00 ] /jiasp2/ | INFO: Run ShowRuntime Behavior [ RunTime:0.000856s ]
[ 2013-04-12T10:42:03+08:00 ] /jiasp2/ | INFO: Tag[ view_filter ] --END-- [ RunTime:0.003368s ]
[ 2013-04-12T10:42:03+08:00 ] /jiasp2/ | INFO: Tag[ view_template ] --START--
[ 2013-04-12T10:42:03+08:00 ] /jiasp2/ | INFO: Run LocationTemplate Behavior [ RunTime:0.000346s ]
[ 2013-04-12T10:42:03+08:00 ] /jiasp2/ | INFO: Tag[ view_template ] --END-- [ RunTime:-0.014541s ]
[ 2013-04-12T10:42:03+08:00 ] /jiasp2/ | INFO: Tag[ view_parse ] --START--
[ 2013-04-12T10:42:03+08:00 ] /jiasp2/ | INFO: Run ParseTemplate Behavior [ RunTime:0.001975s ]
[ 2013-04-12T10:42:03+08:00 ] /jiasp2/ | INFO: Tag[ view_parse ] --END-- [ RunTime:-0.004133s ]
[ 2013-04-12T10:42:03+08:00 ] /jiasp2/ | INFO: Tag[ view_filter ] --START--
[ 2013-04-12T10:42:03+08:00 ] /jiasp2/ | INFO: Run ContentReplace Behavior [ RunTime:0.000092s ]
[ 2013-04-12T10:42:03+08:00 ] /jiasp2/ | INFO: Run TokenBuild Behavior [ RunTime:0.000092s ]
[ 2013-04-12T10:42:03+08:00 ] /jiasp2/ | INFO: Run WriteHtmlCache Behavior [ RunTime:0.000018s ]
[ 2013-04-12T10:42:03+08:00 ] /jiasp2/ | INFO: Run ShowRuntime Behavior [ RunTime:0.000129s ]
[ 2013-04-12T10:42:03+08:00 ] /jiasp2/ | INFO: Tag[ view_filter ] --END-- [ RunTime:-0.002768s ]
[ 2013-04-12T10:42:03+08:00 ] /jiasp2/ | INFO: Tag[ view_template ] --START--
[ 2013-04-12T10:42:03+08:00 ] /jiasp2/ | INFO: Run LocationTemplate Behavior [ RunTime:0.000162s ]
[ 2013-04-12T10:42:03+08:00 ] /jiasp2/ | INFO: Tag[ view_template ] --END-- [ RunTime:-0.017774s ]
[ 2013-04-12T10:42:03+08:00 ] /jiasp2/ | INFO: Tag[ view_parse ] --START--
[ 2013-04-12T10:42:03+08:00 ] /jiasp2/ | INFO: Run ParseTemplate Behavior [ RunTime:0.003786s ]
[ 2013-04-12T10:42:03+08:00 ] /jiasp2/ | INFO: Tag[ view_parse ] --END-- [ RunTime:-0.007092s ]
[ 2013-04-12T10:42:03+08:00 ] /jiasp2/ | INFO: Tag[ view_filter ] --START--
[ 2013-04-12T10:42:03+08:00 ] /jiasp2/ | INFO: Run ContentReplace Behavior [ RunTime:0.000168s ]
[ 2013-04-12T10:42:03+08:00 ] /jiasp2/ | INFO: Run TokenBuild Behavior [ RunTime:0.000164s ]
[ 2013-04-12T10:42:03+08:00 ] /jiasp2/ | INFO: Run WriteHtmlCache Behavior [ RunTime:0.000019s ]
[ 2013-04-12T10:42:03+08:00 ] /jiasp2/ | INFO: Run ShowRuntime Behavior [ RunTime:0.000140s ]
[ 2013-04-12T10:42:03+08:00 ] /jiasp2/ | INFO: Tag[ view_filter ] --END-- [ RunTime:-0.007552s ]
[ 2013-04-12T10:42:03+08:00 ] /jiasp2/ | INFO: Tag[ view_end ] --START--
[ 2013-04-12T10:42:03+08:00 ] /jiasp2/ | INFO: Run ShowPageTrace Behavior [ RunTime:0.000513s ]
[ 2013-04-12T10:42:03+08:00 ] /jiasp2/ | INFO: Tag[ view_end ] --END-- [ RunTime:0.000584s ]
[ 2013-04-12T10:42:09+08:00 ] /jiasp2/Expert | INFO: Tag[ route_check ] --START--
[ 2013-04-12T10:42:09+08:00 ] /jiasp2/Expert | INFO: Run CheckRoute Behavior [ RunTime:0.001233s ]
[ 2013-04-12T10:42:09+08:00 ] /jiasp2/Expert | INFO: Tag[ route_check ] --END-- [ RunTime:0.001374s ]
[ 2013-04-12T10:42:09+08:00 ] /jiasp2/Expert | INFO: Tag[ app_begin ] --START--
[ 2013-04-12T10:42:09+08:00 ] /jiasp2/Expert | INFO: Run ReadHtmlCache Behavior [ RunTime:0.000796s ]
[ 2013-04-12T10:42:09+08:00 ] /jiasp2/Expert | INFO: Tag[ app_begin ] --END-- [ RunTime:0.000907s ]
[ 2013-04-12T10:42:09+08:00 ] /jiasp2/Expert | INFO: Tag[ view_template ] --START--
[ 2013-04-12T10:42:09+08:00 ] /jiasp2/Expert | INFO: Run LocationTemplate Behavior [ RunTime:0.000662s ]
[ 2013-04-12T10:42:09+08:00 ] /jiasp2/Expert | INFO: Tag[ view_template ] --END-- [ RunTime:0.000780s ]
[ 2013-04-12T10:42:09+08:00 ] /jiasp2/Expert | INFO: Tag[ view_parse ] --START--
[ 2013-04-12T10:42:09+08:00 ] /jiasp2/Expert | INFO: Run ParseTemplate Behavior [ RunTime:0.010305s ]
[ 2013-04-12T10:42:09+08:00 ] /jiasp2/Expert | INFO: Tag[ view_parse ] --END-- [ RunTime:0.010436s ]
[ 2013-04-12T10:42:09+08:00 ] /jiasp2/Expert | INFO: Tag[ view_filter ] --START--
[ 2013-04-12T10:42:09+08:00 ] /jiasp2/Expert | INFO: Run ContentReplace Behavior [ RunTime:0.000772s ]
[ 2013-04-12T10:42:09+08:00 ] /jiasp2/Expert | INFO: Run TokenBuild Behavior [ RunTime:0.000683s ]
[ 2013-04-12T10:42:09+08:00 ] /jiasp2/Expert | INFO: Run WriteHtmlCache Behavior [ RunTime:0.000381s ]
[ 2013-04-12T10:42:09+08:00 ] /jiasp2/Expert | INFO: Run ShowRuntime Behavior [ RunTime:0.000741s ]
[ 2013-04-12T10:42:09+08:00 ] /jiasp2/Expert | INFO: Tag[ view_filter ] --END-- [ RunTime:0.002889s ]
[ 2013-04-12T10:42:09+08:00 ] /jiasp2/Expert | INFO: Tag[ view_template ] --START--
[ 2013-04-12T10:42:09+08:00 ] /jiasp2/Expert | INFO: Run LocationTemplate Behavior [ RunTime:0.000401s ]
[ 2013-04-12T10:42:09+08:00 ] /jiasp2/Expert | INFO: Tag[ view_template ] --END-- [ RunTime:-0.013697s ]
[ 2013-04-12T10:42:09+08:00 ] /jiasp2/Expert | INFO: Tag[ view_parse ] --START--
[ 2013-04-12T10:42:09+08:00 ] /jiasp2/Expert | NOTIC: [8] Undefined variable: foot 7fe8aa8c2147ba4056c8c2c8362e6b6b.php 第 165 行.
[ 2013-04-12T10:42:09+08:00 ] /jiasp2/Expert | INFO: Run ParseTemplate Behavior [ RunTime:0.006876s ]
[ 2013-04-12T10:42:09+08:00 ] /jiasp2/Expert | INFO: Tag[ view_parse ] --END-- [ RunTime:-0.003774s ]
[ 2013-04-12T10:42:09+08:00 ] /jiasp2/Expert | INFO: Tag[ view_filter ] --START--
[ 2013-04-12T10:42:09+08:00 ] /jiasp2/Expert | INFO: Run ContentReplace Behavior [ RunTime:0.000232s ]
[ 2013-04-12T10:42:09+08:00 ] /jiasp2/Expert | INFO: Run TokenBuild Behavior [ RunTime:0.000270s ]
[ 2013-04-12T10:42:09+08:00 ] /jiasp2/Expert | INFO: Run WriteHtmlCache Behavior [ RunTime:0.000030s ]
[ 2013-04-12T10:42:09+08:00 ] /jiasp2/Expert | INFO: Run ShowRuntime Behavior [ RunTime:0.000246s ]
[ 2013-04-12T10:42:09+08:00 ] /jiasp2/Expert | INFO: Tag[ view_filter ] --END-- [ RunTime:-0.007910s ]
[ 2013-04-12T10:42:09+08:00 ] /jiasp2/Expert | INFO: Tag[ view_end ] --START--
[ 2013-04-12T10:42:09+08:00 ] /jiasp2/Expert | INFO: Run ShowPageTrace Behavior [ RunTime:0.000733s ]
[ 2013-04-12T10:42:09+08:00 ] /jiasp2/Expert | INFO: Tag[ view_end ] --END-- [ RunTime:0.000844s ]
[ 2013-04-12T10:53:50+08:00 ] /jiasp2/Expert | INFO: Tag[ route_check ] --START--
[ 2013-04-12T10:53:50+08:00 ] /jiasp2/Expert | INFO: Run CheckRoute Behavior [ RunTime:0.001317s ]
[ 2013-04-12T10:53:50+08:00 ] /jiasp2/Expert | INFO: Tag[ route_check ] --END-- [ RunTime:0.001454s ]
[ 2013-04-12T10:53:50+08:00 ] /jiasp2/Expert | INFO: Tag[ app_begin ] --START--
[ 2013-04-12T10:53:50+08:00 ] /jiasp2/Expert | INFO: Run ReadHtmlCache Behavior [ RunTime:0.001167s ]
[ 2013-04-12T10:53:50+08:00 ] /jiasp2/Expert | INFO: Tag[ app_begin ] --END-- [ RunTime:0.001274s ]
[ 2013-04-12T10:53:50+08:00 ] /jiasp2/Expert | INFO: Tag[ view_template ] --START--
[ 2013-04-12T10:53:50+08:00 ] /jiasp2/Expert | INFO: Run LocationTemplate Behavior [ RunTime:0.000974s ]
[ 2013-04-12T10:53:50+08:00 ] /jiasp2/Expert | INFO: Tag[ view_template ] --END-- [ RunTime:0.001080s ]
[ 2013-04-12T10:53:50+08:00 ] /jiasp2/Expert | INFO: Tag[ view_parse ] --START--
[ 2013-04-12T10:53:50+08:00 ] /jiasp2/Expert | INFO: Run ParseTemplate Behavior [ RunTime:0.009345s ]
[ 2013-04-12T10:53:50+08:00 ] /jiasp2/Expert | INFO: Tag[ view_parse ] --END-- [ RunTime:0.009459s ]
[ 2013-04-12T10:53:50+08:00 ] /jiasp2/Expert | INFO: Tag[ view_filter ] --START--
[ 2013-04-12T10:53:50+08:00 ] /jiasp2/Expert | INFO: Run ContentReplace Behavior [ RunTime:0.000710s ]
[ 2013-04-12T10:53:50+08:00 ] /jiasp2/Expert | INFO: Run TokenBuild Behavior [ RunTime:0.000706s ]
[ 2013-04-12T10:53:50+08:00 ] /jiasp2/Expert | INFO: Run WriteHtmlCache Behavior [ RunTime:0.000449s ]
[ 2013-04-12T10:53:50+08:00 ] /jiasp2/Expert | INFO: Run ShowRuntime Behavior [ RunTime:0.000861s ]
[ 2013-04-12T10:53:50+08:00 ] /jiasp2/Expert | INFO: Tag[ view_filter ] --END-- [ RunTime:0.003004s ]
[ 2013-04-12T10:53:50+08:00 ] /jiasp2/Expert | INFO: Tag[ view_template ] --START--
[ 2013-04-12T10:53:50+08:00 ] /jiasp2/Expert | INFO: Run LocationTemplate Behavior [ RunTime:0.000332s ]
[ 2013-04-12T10:53:50+08:00 ] /jiasp2/Expert | INFO: Tag[ view_template ] --END-- [ RunTime:-0.012795s ]
[ 2013-04-12T10:53:50+08:00 ] /jiasp2/Expert | INFO: Tag[ view_parse ] --START--
[ 2013-04-12T10:53:50+08:00 ] /jiasp2/Expert | NOTIC: [8] Undefined variable: foot 7fe8aa8c2147ba4056c8c2c8362e6b6b.php 第 165 行.
[ 2013-04-12T10:53:50+08:00 ] /jiasp2/Expert | INFO: Run ParseTemplate Behavior [ RunTime:0.006086s ]
[ 2013-04-12T10:53:50+08:00 ] /jiasp2/Expert | INFO: Tag[ view_parse ] --END-- [ RunTime:-0.003820s ]
[ 2013-04-12T10:53:50+08:00 ] /jiasp2/Expert | INFO: Tag[ view_filter ] --START--
[ 2013-04-12T10:53:50+08:00 ] /jiasp2/Expert | INFO: Run ContentReplace Behavior [ RunTime:0.000204s ]
[ 2013-04-12T10:53:50+08:00 ] /jiasp2/Expert | INFO: Run TokenBuild Behavior [ RunTime:0.000242s ]
[ 2013-04-12T10:53:50+08:00 ] /jiasp2/Expert | INFO: Run WriteHtmlCache Behavior [ RunTime:0.000027s ]
[ 2013-04-12T10:53:50+08:00 ] /jiasp2/Expert | INFO: Run ShowRuntime Behavior [ RunTime:0.000204s ]
[ 2013-04-12T10:53:50+08:00 ] /jiasp2/Expert | INFO: Tag[ view_filter ] --END-- [ RunTime:-0.006996s ]
[ 2013-04-12T10:53:50+08:00 ] /jiasp2/Expert | INFO: Tag[ view_end ] --START--
[ 2013-04-12T10:53:50+08:00 ] /jiasp2/Expert | INFO: Run ShowPageTrace Behavior [ RunTime:0.001106s ]
[ 2013-04-12T10:53:50+08:00 ] /jiasp2/Expert | INFO: Tag[ view_end ] --END-- [ RunTime:0.002397s ]
[ 2013-04-12T10:55:29+08:00 ] /jiasp2/Expert | INFO: Tag[ route_check ] --START--
[ 2013-04-12T10:55:29+08:00 ] /jiasp2/Expert | INFO: Run CheckRoute Behavior [ RunTime:0.001662s ]
[ 2013-04-12T10:55:29+08:00 ] /jiasp2/Expert | INFO: Tag[ route_check ] --END-- [ RunTime:0.002338s ]
[ 2013-04-12T10:55:29+08:00 ] /jiasp2/Expert | INFO: Tag[ app_begin ] --START--
[ 2013-04-12T10:55:29+08:00 ] /jiasp2/Expert | INFO: Run ReadHtmlCache Behavior [ RunTime:0.001030s ]
[ 2013-04-12T10:55:29+08:00 ] /jiasp2/Expert | INFO: Tag[ app_begin ] --END-- [ RunTime:0.001151s ]
[ 2013-04-12T10:55:29+08:00 ] /jiasp2/Expert | INFO: Tag[ view_template ] --START--
[ 2013-04-12T10:55:29+08:00 ] /jiasp2/Expert | INFO: Run LocationTemplate Behavior [ RunTime:0.000721s ]
[ 2013-04-12T10:55:29+08:00 ] /jiasp2/Expert | INFO: Tag[ view_template ] --END-- [ RunTime:0.000818s ]
[ 2013-04-12T10:55:29+08:00 ] /jiasp2/Expert | INFO: Tag[ view_parse ] --START--
[ 2013-04-12T10:55:29+08:00 ] /jiasp2/Expert | INFO: Run ParseTemplate Behavior [ RunTime:0.006140s ]
[ 2013-04-12T10:55:29+08:00 ] /jiasp2/Expert | INFO: Tag[ view_parse ] --END-- [ RunTime:0.006222s ]
[ 2013-04-12T10:55:29+08:00 ] /jiasp2/Expert | INFO: Tag[ view_filter ] --START--
[ 2013-04-12T10:55:29+08:00 ] /jiasp2/Expert | INFO: Run ContentReplace Behavior [ RunTime:0.000417s ]
[ 2013-04-12T10:55:29+08:00 ] /jiasp2/Expert | INFO: Run TokenBuild Behavior [ RunTime:0.000477s ]
[ 2013-04-12T10:55:29+08:00 ] /jiasp2/Expert | INFO: Run WriteHtmlCache Behavior [ RunTime:0.000296s ]
[ 2013-04-12T10:55:29+08:00 ] /jiasp2/Expert | INFO: Run ShowRuntime Behavior [ RunTime:0.000512s ]
[ 2013-04-12T10:55:29+08:00 ] /jiasp2/Expert | INFO: Tag[ view_filter ] --END-- [ RunTime:0.001887s ]
[ 2013-04-12T10:55:29+08:00 ] /jiasp2/Expert | INFO: Tag[ view_template ] --START--
[ 2013-04-12T10:55:29+08:00 ] /jiasp2/Expert | INFO: Run LocationTemplate Behavior [ RunTime:0.000207s ]
[ 2013-04-12T10:55:29+08:00 ] /jiasp2/Expert | INFO: Tag[ view_template ] --END-- [ RunTime:-0.008335s ]
[ 2013-04-12T10:55:29+08:00 ] /jiasp2/Expert | INFO: Tag[ view_parse ] --START--
[ 2013-04-12T10:55:29+08:00 ] /jiasp2/Expert | NOTIC: [8] Undefined variable: foot 7fe8aa8c2147ba4056c8c2c8362e6b6b.php 第 171 行.
[ 2013-04-12T10:55:29+08:00 ] /jiasp2/Expert | INFO: Run ParseTemplate Behavior [ RunTime:0.004305s ]
[ 2013-04-12T10:55:29+08:00 ] /jiasp2/Expert | INFO: Tag[ view_parse ] --END-- [ RunTime:-0.002379s ]
[ 2013-04-12T10:55:29+08:00 ] /jiasp2/Expert | INFO: Tag[ view_filter ] --START--
[ 2013-04-12T10:55:29+08:00 ] /jiasp2/Expert | INFO: Run ContentReplace Behavior [ RunTime:0.000143s ]
[ 2013-04-12T10:55:29+08:00 ] /jiasp2/Expert | INFO: Run TokenBuild Behavior [ RunTime:0.000166s ]
[ 2013-04-12T10:55:29+08:00 ] /jiasp2/Expert | INFO: Run WriteHtmlCache Behavior [ RunTime:0.000019s ]
[ 2013-04-12T10:55:29+08:00 ] /jiasp2/Expert | INFO: Run ShowRuntime Behavior [ RunTime:0.000140s ]
[ 2013-04-12T10:55:29+08:00 ] /jiasp2/Expert | INFO: Tag[ view_filter ] --END-- [ RunTime:-0.004866s ]
[ 2013-04-12T10:55:29+08:00 ] /jiasp2/Expert | INFO: Tag[ view_end ] --START--
[ 2013-04-12T10:55:29+08:00 ] /jiasp2/Expert | INFO: Run ShowPageTrace Behavior [ RunTime:0.000781s ]
[ 2013-04-12T10:55:29+08:00 ] /jiasp2/Expert | INFO: Tag[ view_end ] --END-- [ RunTime:0.000856s ]
[ 2013-04-12T10:56:39+08:00 ] /jiasp2/Expert | INFO: Tag[ route_check ] --START--
[ 2013-04-12T10:56:39+08:00 ] /jiasp2/Expert | INFO: Run CheckRoute Behavior [ RunTime:0.000826s ]
[ 2013-04-12T10:56:39+08:00 ] /jiasp2/Expert | INFO: Tag[ route_check ] --END-- [ RunTime:0.000918s ]
[ 2013-04-12T10:56:39+08:00 ] /jiasp2/Expert | INFO: Tag[ app_begin ] --START--
[ 2013-04-12T10:56:39+08:00 ] /jiasp2/Expert | INFO: Run ReadHtmlCache Behavior [ RunTime:0.000572s ]
[ 2013-04-12T10:56:39+08:00 ] /jiasp2/Expert | INFO: Tag[ app_begin ] --END-- [ RunTime:0.000637s ]
[ 2013-04-12T10:56:39+08:00 ] /jiasp2/Expert | INFO: Tag[ view_template ] --START--
[ 2013-04-12T10:56:39+08:00 ] /jiasp2/Expert | INFO: Run LocationTemplate Behavior [ RunTime:0.000642s ]
[ 2013-04-12T10:56:39+08:00 ] /jiasp2/Expert | INFO: Tag[ view_template ] --END-- [ RunTime:0.000712s ]
[ 2013-04-12T10:56:39+08:00 ] /jiasp2/Expert | INFO: Tag[ view_parse ] --START--
[ 2013-04-12T10:56:39+08:00 ] /jiasp2/Expert | INFO: Run ParseTemplate Behavior [ RunTime:0.006273s ]
[ 2013-04-12T10:56:39+08:00 ] /jiasp2/Expert | INFO: Tag[ view_parse ] --END-- [ RunTime:0.006354s ]
[ 2013-04-12T10:56:39+08:00 ] /jiasp2/Expert | INFO: Tag[ view_filter ] --START--
[ 2013-04-12T10:56:39+08:00 ] /jiasp2/Expert | INFO: Run ContentReplace Behavior [ RunTime:0.000439s ]
[ 2013-04-12T10:56:39+08:00 ] /jiasp2/Expert | INFO: Run TokenBuild Behavior [ RunTime:0.000483s ]
[ 2013-04-12T10:56:39+08:00 ] /jiasp2/Expert | INFO: Run WriteHtmlCache Behavior [ RunTime:0.000299s ]
[ 2013-04-12T10:56:39+08:00 ] /jiasp2/Expert | INFO: Run ShowRuntime Behavior [ RunTime:0.000513s ]
[ 2013-04-12T10:56:39+08:00 ] /jiasp2/Expert | INFO: Tag[ view_filter ] --END-- [ RunTime:0.001923s ]
[ 2013-04-12T10:56:39+08:00 ] /jiasp2/Expert | INFO: Tag[ view_template ] --START--
[ 2013-04-12T10:56:39+08:00 ] /jiasp2/Expert | INFO: Run LocationTemplate Behavior [ RunTime:0.000209s ]
[ 2013-04-12T10:56:39+08:00 ] /jiasp2/Expert | INFO: Tag[ view_template ] --END-- [ RunTime:-0.008504s ]
[ 2013-04-12T10:56:39+08:00 ] /jiasp2/Expert | INFO: Tag[ view_parse ] --START--
[ 2013-04-12T10:56:39+08:00 ] /jiasp2/Expert | NOTIC: [8] Undefined variable: foot 7fe8aa8c2147ba4056c8c2c8362e6b6b.php 第 171 行.
[ 2013-04-12T10:56:39+08:00 ] /jiasp2/Expert | INFO: Run ParseTemplate Behavior [ RunTime:0.005033s ]
[ 2013-04-12T10:56:39+08:00 ] /jiasp2/Expert | INFO: Tag[ view_parse ] --END-- [ RunTime:-0.002420s ]
[ 2013-04-12T10:56:39+08:00 ] /jiasp2/Expert | INFO: Tag[ view_filter ] --START--
[ 2013-04-12T10:56:39+08:00 ] /jiasp2/Expert | INFO: Run ContentReplace Behavior [ RunTime:0.000140s ]
[ 2013-04-12T10:56:39+08:00 ] /jiasp2/Expert | INFO: Run TokenBuild Behavior [ RunTime:0.000165s ]
[ 2013-04-12T10:56:39+08:00 ] /jiasp2/Expert | INFO: Run WriteHtmlCache Behavior [ RunTime:0.000019s ]
[ 2013-04-12T10:56:39+08:00 ] /jiasp2/Expert | INFO: Run ShowRuntime Behavior [ RunTime:0.000140s ]
[ 2013-04-12T10:56:39+08:00 ] /jiasp2/Expert | INFO: Tag[ view_filter ] --END-- [ RunTime:-0.005595s ]
[ 2013-04-12T10:56:39+08:00 ] /jiasp2/Expert | INFO: Tag[ view_end ] --START--
[ 2013-04-12T10:56:39+08:00 ] /jiasp2/Expert | INFO: Run ShowPageTrace Behavior [ RunTime:0.000536s ]
[ 2013-04-12T10:56:39+08:00 ] /jiasp2/Expert | INFO: Tag[ view_end ] --END-- [ RunTime:0.000607s ]
[ 2013-04-12T10:56:39+08:00 ] /jiasp2/Public/pic/tabbedPanelHeader.png | ERR: (ThinkException) 无法加载模块Public
[ 2013-04-12T11:01:26+08:00 ] /jiasp2/Expert | INFO: Tag[ route_check ] --START--
[ 2013-04-12T11:01:26+08:00 ] /jiasp2/Expert | INFO: Run CheckRoute Behavior [ RunTime:0.000890s ]
[ 2013-04-12T11:01:26+08:00 ] /jiasp2/Expert | INFO: Tag[ route_check ] --END-- [ RunTime:0.000986s ]
[ 2013-04-12T11:01:26+08:00 ] /jiasp2/Expert | INFO: Tag[ app_begin ] --START--
[ 2013-04-12T11:01:26+08:00 ] /jiasp2/Expert | INFO: Run ReadHtmlCache Behavior [ RunTime:0.000610s ]
[ 2013-04-12T11:01:26+08:00 ] /jiasp2/Expert | INFO: Tag[ app_begin ] --END-- [ RunTime:0.000674s ]
[ 2013-04-12T11:01:26+08:00 ] /jiasp2/Expert | INFO: Tag[ view_template ] --START--
[ 2013-04-12T11:01:26+08:00 ] /jiasp2/Expert | INFO: Run LocationTemplate Behavior [ RunTime:0.000636s ]
[ 2013-04-12T11:01:26+08:00 ] /jiasp2/Expert | INFO: Tag[ view_template ] --END-- [ RunTime:0.000708s ]
[ 2013-04-12T11:01:26+08:00 ] /jiasp2/Expert | INFO: Tag[ view_parse ] --START--
[ 2013-04-12T11:01:26+08:00 ] /jiasp2/Expert | INFO: Run ParseTemplate Behavior [ RunTime:0.008108s ]
[ 2013-04-12T11:01:26+08:00 ] /jiasp2/Expert | INFO: Tag[ view_parse ] --END-- [ RunTime:0.008187s ]
[ 2013-04-12T11:01:26+08:00 ] /jiasp2/Expert | INFO: Tag[ view_filter ] --START--
[ 2013-04-12T11:01:26+08:00 ] /jiasp2/Expert | INFO: Run ContentReplace Behavior [ RunTime:0.000609s ]
[ 2013-04-12T11:01:26+08:00 ] /jiasp2/Expert | INFO: Run TokenBuild Behavior [ RunTime:0.000504s ]
[ 2013-04-12T11:01:26+08:00 ] /jiasp2/Expert | INFO: Run WriteHtmlCache Behavior [ RunTime:0.000303s ]
[ 2013-04-12T11:01:26+08:00 ] /jiasp2/Expert | INFO: Run ShowRuntime Behavior [ RunTime:0.000516s ]
[ 2013-04-12T11:01:26+08:00 ] /jiasp2/Expert | INFO: Tag[ view_filter ] --END-- [ RunTime:0.002133s ]
[ 2013-04-12T11:01:26+08:00 ] /jiasp2/Expert | INFO: Tag[ view_template ] --START--
[ 2013-04-12T11:01:26+08:00 ] /jiasp2/Expert | INFO: Run LocationTemplate Behavior [ RunTime:0.000213s ]
[ 2013-04-12T11:01:26+08:00 ] /jiasp2/Expert | INFO: Tag[ view_template ] --END-- [ RunTime:-0.010548s ]
[ 2013-04-12T11:01:26+08:00 ] /jiasp2/Expert | INFO: Tag[ view_parse ] --START--
[ 2013-04-12T11:01:26+08:00 ] /jiasp2/Expert | NOTIC: [8] Undefined variable: foot 7fe8aa8c2147ba4056c8c2c8362e6b6b.php 第 171 行.
[ 2013-04-12T11:01:26+08:00 ] /jiasp2/Expert | INFO: Run ParseTemplate Behavior [ RunTime:0.005223s ]
[ 2013-04-12T11:01:26+08:00 ] /jiasp2/Expert | INFO: Tag[ view_parse ] --END-- [ RunTime:-0.002634s ]
[ 2013-04-12T11:01:26+08:00 ] /jiasp2/Expert | INFO: Tag[ view_filter ] --START--
[ 2013-04-12T11:01:26+08:00 ] /jiasp2/Expert | INFO: Run ContentReplace Behavior [ RunTime:0.000145s ]
[ 2013-04-12T11:01:26+08:00 ] /jiasp2/Expert | INFO: Run TokenBuild Behavior [ RunTime:0.000166s ]
[ 2013-04-12T11:01:26+08:00 ] /jiasp2/Expert | INFO: Run WriteHtmlCache Behavior [ RunTime:0.000019s ]
[ 2013-04-12T11:01:26+08:00 ] /jiasp2/Expert | INFO: Run ShowRuntime Behavior [ RunTime:0.001177s ]
[ 2013-04-12T11:01:26+08:00 ] /jiasp2/Expert | INFO: Tag[ view_filter ] --END-- [ RunTime:-0.005792s ]
[ 2013-04-12T11:01:26+08:00 ] /jiasp2/Expert | INFO: Tag[ view_end ] --START--
[ 2013-04-12T11:01:26+08:00 ] /jiasp2/Expert | INFO: Run ShowPageTrace Behavior [ RunTime:0.000631s ]
[ 2013-04-12T11:01:26+08:00 ] /jiasp2/Expert | INFO: Tag[ view_end ] --END-- [ RunTime:0.000703s ]
[ 2013-04-12T11:01:30+08:00 ] /jiasp2/Expert | INFO: Tag[ route_check ] --START--
[ 2013-04-12T11:01:30+08:00 ] /jiasp2/Expert | INFO: Run CheckRoute Behavior [ RunTime:0.000649s ]
[ 2013-04-12T11:01:30+08:00 ] /jiasp2/Expert | INFO: Tag[ route_check ] --END-- [ RunTime:0.000738s ]
[ 2013-04-12T11:01:30+08:00 ] /jiasp2/Expert | INFO: Tag[ app_begin ] --START--
[ 2013-04-12T11:01:30+08:00 ] /jiasp2/Expert | INFO: Run ReadHtmlCache Behavior [ RunTime:0.000573s ]
[ 2013-04-12T11:01:30+08:00 ] /jiasp2/Expert | INFO: Tag[ app_begin ] --END-- [ RunTime:0.000639s ]
[ 2013-04-12T11:01:30+08:00 ] /jiasp2/Expert | INFO: Tag[ view_template ] --START--
[ 2013-04-12T11:01:30+08:00 ] /jiasp2/Expert | INFO: Run LocationTemplate Behavior [ RunTime:0.000385s ]
[ 2013-04-12T11:01:30+08:00 ] /jiasp2/Expert | INFO: Tag[ view_template ] --END-- [ RunTime:0.000455s ]
[ 2013-04-12T11:01:30+08:00 ] /jiasp2/Expert | INFO: Tag[ view_parse ] --START--
[ 2013-04-12T11:01:30+08:00 ] /jiasp2/Expert | INFO: Run ParseTemplate Behavior [ RunTime:0.005555s ]
[ 2013-04-12T11:01:30+08:00 ] /jiasp2/Expert | INFO: Tag[ view_parse ] --END-- [ RunTime:0.005632s ]
[ 2013-04-12T11:01:30+08:00 ] /jiasp2/Expert | INFO: Tag[ view_filter ] --START--
[ 2013-04-12T11:01:30+08:00 ] /jiasp2/Expert | INFO: Run ContentReplace Behavior [ RunTime:0.000462s ]
[ 2013-04-12T11:01:30+08:00 ] /jiasp2/Expert | INFO: Run TokenBuild Behavior [ RunTime:0.000395s ]
[ 2013-04-12T11:01:30+08:00 ] /jiasp2/Expert | INFO: Run WriteHtmlCache Behavior [ RunTime:0.000224s ]
[ 2013-04-12T11:01:30+08:00 ] /jiasp2/Expert | INFO: Run ShowRuntime Behavior [ RunTime:0.000435s ]
[ 2013-04-12T11:01:30+08:00 ] /jiasp2/Expert | INFO: Tag[ view_filter ] --END-- [ RunTime:0.001701s ]
[ 2013-04-12T11:01:30+08:00 ] /jiasp2/Expert | INFO: Tag[ view_template ] --START--
[ 2013-04-12T11:01:30+08:00 ] /jiasp2/Expert | INFO: Run LocationTemplate Behavior [ RunTime:0.000077s ]
[ 2013-04-12T11:01:30+08:00 ] /jiasp2/Expert | INFO: Tag[ view_template ] --END-- [ RunTime:-0.007679s ]
[ 2013-04-12T11:01:30+08:00 ] /jiasp2/Expert | INFO: Tag[ view_parse ] --START--
[ 2013-04-12T11:01:30+08:00 ] /jiasp2/Expert | NOTIC: [8] Undefined variable: foot 7fe8aa8c2147ba4056c8c2c8362e6b6b.php 第 171 行.
[ 2013-04-12T11:01:30+08:00 ] /jiasp2/Expert | INFO: Run ParseTemplate Behavior [ RunTime:0.004931s ]
[ 2013-04-12T11:01:30+08:00 ] /jiasp2/Expert | INFO: Tag[ view_parse ] --END-- [ RunTime:-0.002053s ]
[ 2013-04-12T11:01:30+08:00 ] /jiasp2/Expert | INFO: Tag[ view_filter ] --START--
[ 2013-04-12T11:01:30+08:00 ] /jiasp2/Expert | INFO: Run ContentReplace Behavior [ RunTime:0.000151s ]
[ 2013-04-12T11:01:30+08:00 ] /jiasp2/Expert | INFO: Run TokenBuild Behavior [ RunTime:0.000165s ]
[ 2013-04-12T11:01:30+08:00 ] /jiasp2/Expert | INFO: Run WriteHtmlCache Behavior [ RunTime:0.000018s ]
[ 2013-04-12T11:01:30+08:00 ] /jiasp2/Expert | INFO: Run ShowRuntime Behavior [ RunTime:0.000139s ]
[ 2013-04-12T11:01:30+08:00 ] /jiasp2/Expert | INFO: Tag[ view_filter ] --END-- [ RunTime:-0.005351s ]
[ 2013-04-12T11:01:30+08:00 ] /jiasp2/Expert | INFO: Tag[ view_end ] --START--
[ 2013-04-12T11:01:30+08:00 ] /jiasp2/Expert | INFO: Run ShowPageTrace Behavior [ RunTime:0.000414s ]
[ 2013-04-12T11:01:30+08:00 ] /jiasp2/Expert | INFO: Tag[ view_end ] --END-- [ RunTime:0.000481s ]
